2026-06-21 12:34:46.579: [INFO] VisibilityChanged: 0
2026-06-21 12:34:46.657: [INFO] RecordSyncInitDuration has_sync_been_enabled: 0 state: 0
2026-06-21 12:34:46.659: [INFO] RecordSyncInitDuration has_sync_been_enabled: 0 state: 0
2026-06-21 12:34:46.661: [INFO] RecordSyncInitDuration has_sync_been_enabled: 0 state: 0
2026-06-21 12:34:46.663: [INFO] RecordSyncInitDuration has_sync_been_enabled: 0 state: 0
2026-06-21 12:34:46.666: [INFO] RecordSyncInitDuration has_sync_been_enabled: 0 state: 0
2026-06-21 12:34:46.668: [INFO] RecordSyncInitDuration has_sync_been_enabled: 0 state: 0
2026-06-21 12:34:46.670: [INFO] RecordSyncInitDuration has_sync_been_enabled: 0 state: 0
2026-06-21 12:34:46.672: [INFO] RecordSyncInitDuration has_sync_been_enabled: 0 state: 0
2026-06-21 12:34:46.673: [INFO] RecordSyncInitDuration has_sync_been_enabled: 0 state: 0
2026-06-21 12:34:46.675: [INFO] RecordSyncInitDuration has_sync_been_enabled: 0 state: 0
2026-06-21 12:34:46.677: [INFO] RecordSyncInitDuration has_sync_been_enabled: 0 state: 0
2026-06-21 12:34:46.699: [INFO] BookmarkModelLoaded, ids_reassigned: 0
2026-06-21 12:34:46.699: [INFO] OnDoneLoading sync enabled: 0
2026-06-21 12:34:46.755: [INFO] RecordSyncInitDuration has_sync_been_enabled: 0 state: 0
2026-06-21 12:34:49.285: [INFO] RecordSyncInitDuration has_sync_been_enabled: 0 state: 0
2026-06-21 12:34:49.288: [INFO] RecordSyncInitDuration has_sync_been_enabled: 0 state: 3
2026-06-21 12:34:49.290: [INFO] Primary account changed.
2026-06-21 12:34:49.290: [INFO] OnPrimaryAccountChanged PrimaryAccountChangeEvent::Type::kSet
2026-06-21 12:34:49.295: [INFO] RecordSyncInitDuration has_sync_been_enabled: 0 state: 3
2026-06-21 12:34:49.304: [INFO] RecordSyncInitDuration has_sync_been_enabled: 0 state: 3
2026-06-21 12:34:52.721: [INFO] BookmarkNodeAdded, ABU: 0
2026-06-21 12:34:52.722: [INFO] BookmarkNodeAdded, ABU: 0
2026-06-21 12:34:52.723: [INFO] BookmarkNodeAdded, ABU: 0
2026-06-21 12:34:52.723: [INFO] BookmarkNodeAdded, ABU: 0
2026-06-21 12:34:52.724: [INFO] BookmarkNodeAdded, ABU: 0
2026-06-21 12:34:52.724: [INFO] BookmarkNodeAdded, ABU: 0
2026-06-21 12:34:52.724: [INFO] BookmarkNodeAdded, ABU: 0
2026-06-21 12:34:52.725: [INFO] BookmarkNodeAdded, ABU: 0
2026-06-21 12:34:52.725: [INFO] BookmarkNodeAdded, ABU: 0
2026-06-21 12:34:52.726: [INFO] BookmarkNodeAdded, ABU: 0
2026-06-21 12:34:52.726: [INFO] BookmarkNodeAdded, ABU: 0
2026-06-21 12:34:52.727: [INFO] BookmarkNodeAdded, ABU: 0
2026-06-21 12:34:52.727: [INFO] BookmarkNodeAdded, ABU: 0
2026-06-21 12:34:52.728: [INFO] BookmarkNodeAdded, ABU: 0
2026-06-21 12:34:52.728: [INFO] BookmarkNodeAdded, ABU: 0
2026-06-21 12:34:52.728: [INFO] BookmarkNodeAdded, ABU: 0
2026-06-21 12:34:52.729: [INFO] BookmarkNodeAdded, ABU: 0
2026-06-21 12:34:52.729: [INFO] BookmarkNodeAdded, ABU: 0
2026-06-21 12:34:52.729: [INFO] BookmarkNodeAdded, ABU: 0
2026-06-21 12:34:52.730: [INFO] BookmarkNodeAdded, ABU: 0
2026-06-21 12:34:52.730: [INFO] BookmarkNodeAdded, ABU: 0
2026-06-21 12:34:52.731: [INFO] BookmarkNodeAdded, ABU: 0
2026-06-21 12:34:52.731: [INFO] BookmarkNodeAdded, ABU: 0
2026-06-21 12:34:52.732: [INFO] BookmarkNodeAdded, ABU: 0
2026-06-21 12:34:52.732: [INFO] BookmarkNodeAdded, ABU: 0
2026-06-21 12:34:52.733: [INFO] BookmarkNodeAdded, ABU: 0
2026-06-21 12:34:52.733: [INFO] BookmarkNodeAdded, ABU: 0
2026-06-21 12:34:52.734: [INFO] BookmarkNodeAdded, ABU: 0
2026-06-21 12:34:52.734: [INFO] BookmarkNodeAdded, ABU: 0
2026-06-21 12:34:52.734: [INFO] BookmarkNodeAdded, ABU: 0
2026-06-21 12:34:52.735: [INFO] BookmarkNodeAdded, ABU: 0
2026-06-21 12:34:52.735: [INFO] BookmarkNodeAdded, ABU: 0
2026-06-21 12:34:52.736: [INFO] BookmarkNodeAdded, ABU: 0
2026-06-21 12:34:52.736: [INFO] BookmarkNodeAdded, ABU: 0
2026-06-21 12:34:52.737: [INFO] BookmarkNodeAdded, ABU: 0
2026-06-21 12:34:52.737: [INFO] BookmarkNodeAdded, ABU: 0
2026-06-21 12:34:52.738: [INFO] BookmarkNodeAdded, ABU: 0
2026-06-21 12:34:52.738: [INFO] BookmarkNodeAdded, ABU: 0
2026-06-21 12:34:52.739: [INFO] BookmarkNodeAdded, ABU: 0
2026-06-21 12:34:52.739: [INFO] BookmarkNodeAdded, ABU: 0
2026-06-21 12:34:52.740: [INFO] BookmarkNodeAdded, ABU: 0
2026-06-21 12:34:52.740: [INFO] BookmarkNodeAdded, ABU: 0
2026-06-21 12:34:52.740: [INFO] BookmarkNodeAdded, ABU: 0
2026-06-21 12:34:52.741: [INFO] BookmarkNodeAdded, ABU: 0
2026-06-21 12:34:52.742: [INFO] BookmarkNodeAdded, ABU: 0
2026-06-21 12:34:52.742: [INFO] BookmarkNodeAdded, ABU: 0
2026-06-21 12:34:52.743: [INFO] BookmarkNodeAdded, ABU: 0
2026-06-21 12:34:52.743: [INFO] BookmarkNodeAdded, ABU: 0
2026-06-21 12:34:52.743: [INFO] BookmarkNodeAdded, ABU: 0
2026-06-21 12:34:52.744: [INFO] BookmarkNodeAdded, ABU: 0
2026-06-21 12:34:52.744: [INFO] BookmarkNodeAdded, ABU: 0
2026-06-21 12:34:52.745: [INFO] BookmarkNodeAdded, ABU: 0
2026-06-21 12:34:52.745: [INFO] BookmarkNodeAdded, ABU: 0
2026-06-21 12:34:52.745: [INFO] BookmarkNodeAdded, ABU: 0
2026-06-21 12:34:52.745: [INFO] BookmarkNodeAdded, ABU: 0
2026-06-21 12:34:52.746: [INFO] BookmarkNodeAdded, ABU: 0
2026-06-21 12:34:52.746: [INFO] BookmarkNodeAdded, ABU: 0
2026-06-21 12:34:52.746: [INFO] BookmarkNodeAdded, ABU: 0
2026-06-21 12:34:52.747: [INFO] BookmarkNodeAdded, ABU: 0
2026-06-21 12:34:52.747: [INFO] BookmarkNodeAdded, ABU: 0
2026-06-21 12:34:52.747: [INFO] BookmarkNodeAdded, ABU: 0
2026-06-21 12:34:52.748: [INFO] BookmarkNodeAdded, ABU: 0
2026-06-21 12:34:52.748: [INFO] BookmarkNodeAdded, ABU: 0
2026-06-21 12:34:52.748: [INFO] BookmarkNodeAdded, ABU: 0
2026-06-21 12:34:52.749: [INFO] BookmarkNodeAdded, ABU: 0
2026-06-21 12:34:52.749: [INFO] BookmarkNodeAdded, ABU: 0
2026-06-21 12:34:52.750: [INFO] BookmarkNodeAdded, ABU: 0
2026-06-21 12:34:52.750: [INFO] BookmarkNodeAdded, ABU: 0
2026-06-21 12:34:52.751: [INFO] BookmarkNodeAdded, ABU: 0
2026-06-21 12:34:52.751: [INFO] BookmarkNodeAdded, ABU: 0
2026-06-21 12:34:52.752: [INFO] BookmarkNodeAdded, ABU: 0
2026-06-21 12:34:52.752: [INFO] BookmarkNodeAdded, ABU: 0
2026-06-21 12:34:52.752: [INFO] BookmarkNodeAdded, ABU: 0
2026-06-21 12:34:52.753: [INFO] BookmarkNodeAdded, ABU: 0
2026-06-21 12:34:52.753: [INFO] BookmarkNodeAdded, ABU: 0
2026-06-21 12:34:52.753: [INFO] BookmarkNodeAdded, ABU: 0
2026-06-21 12:34:54.199: [INFO] Sync initialization duration: 4801ms
2026-06-21 18:12:00.680: [INFO] VisibilityChanged: 0
2026-06-21 18:12:00.806: [INFO] BookmarkModelLoaded, ids_reassigned: 0
2026-06-21 18:12:00.806: [INFO] OnDoneLoading sync enabled: 1
2026-06-21 18:12:08.792: [INFO] Sync initialization duration: 1708ms
2026-06-21 18:32:11.814: [INFO] VisibilityChanged: 0
2026-06-21 18:32:11.962: [INFO] RecordSyncInitDuration has_sync_been_enabled: 0 state: 0
2026-06-21 18:32:11.965: [INFO] RecordSyncInitDuration has_sync_been_enabled: 0 state: 0
2026-06-21 18:32:11.970: [INFO] RecordSyncInitDuration has_sync_been_enabled: 0 state: 0
2026-06-21 18:32:11.972: [INFO] RecordSyncInitDuration has_sync_been_enabled: 0 state: 0
2026-06-21 18:32:11.976: [INFO] RecordSyncInitDuration has_sync_been_enabled: 0 state: 0
2026-06-21 18:32:11.979: [INFO] RecordSyncInitDuration has_sync_been_enabled: 0 state: 0
2026-06-21 18:32:11.982: [INFO] RecordSyncInitDuration has_sync_been_enabled: 0 state: 0
2026-06-21 18:32:11.985: [INFO] RecordSyncInitDuration has_sync_been_enabled: 0 state: 0
2026-06-21 18:32:11.988: [INFO] RecordSyncInitDuration has_sync_been_enabled: 0 state: 0
2026-06-21 18:32:11.991: [INFO] RecordSyncInitDuration has_sync_been_enabled: 0 state: 0
2026-06-21 18:32:11.997: [INFO] RecordSyncInitDuration has_sync_been_enabled: 0 state: 0
2026-06-21 18:32:12.022: [INFO] BookmarkModelLoaded, ids_reassigned: 0
2026-06-21 18:32:12.022: [INFO] OnDoneLoading sync enabled: 0
2026-06-21 18:32:12.074: [INFO] RecordSyncInitDuration has_sync_been_enabled: 0 state: 0
2026-06-21 18:32:14.305: [INFO] RecordSyncInitDuration has_sync_been_enabled: 0 state: 0
2026-06-21 18:32:14.311: [INFO] RecordSyncInitDuration has_sync_been_enabled: 0 state: 3
2026-06-21 18:32:14.315: [INFO] Primary account changed.
2026-06-21 18:32:14.315: [INFO] OnPrimaryAccountChanged PrimaryAccountChangeEvent::Type::kSet
2026-06-21 18:32:14.322: [INFO] RecordSyncInitDuration has_sync_been_enabled: 0 state: 3
2026-06-21 18:32:14.334: [INFO] RecordSyncInitDuration has_sync_been_enabled: 0 state: 3
2026-06-21 18:32:16.939: [INFO] Sync initialization duration: 2360ms
2026-06-21 18:37:37.413: [INFO] VisibilityChanged: 1
2026-06-21 18:37:59.690: [INFO] VisibilityChanged: 0
2026-06-21 18:51:57.144: [INFO] VisibilityChanged: 0
2026-06-21 18:51:57.286: [INFO] BookmarkModelLoaded, ids_reassigned: 0
2026-06-21 18:51:57.286: [INFO] OnDoneLoading sync enabled: 1
2026-06-21 18:52:06.479: [INFO] Sync initialization duration: 1285ms
2026-06-21 18:54:10.555: [INFO] VisibilityChanged: 1
2026-06-21 18:54:22.309: [INFO] VisibilityChanged: 0
2026-06-21 19:49:35.521: [INFO] VisibilityChanged: 1
2026-06-21 19:49:39.624: [INFO] VisibilityChanged: 0
2026-06-21 21:04:33.633: [INFO] VisibilityChanged: 0
2026-06-21 21:04:33.842: [INFO] BookmarkModelLoaded, ids_reassigned: 0
2026-06-21 21:04:33.842: [INFO] OnDoneLoading sync enabled: 0
2026-06-21 21:04:36.348: [INFO] Primary account changed.
2026-06-21 21:04:36.348: [INFO] OnPrimaryAccountChanged PrimaryAccountChangeEvent::Type::kSet
2026-06-21 21:04:39.298: [INFO] Sync initialization duration: 5449ms
2026-06-24 19:21:22.940: [INFO] VisibilityChanged: 0
2026-06-24 19:21:22.989: [INFO] RecordSyncInitDuration has_sync_been_enabled: 0 state: 0
2026-06-24 19:21:22.993: [INFO] RecordSyncInitDuration has_sync_been_enabled: 0 state: 0
2026-06-24 19:21:22.998: [INFO] RecordSyncInitDuration has_sync_been_enabled: 0 state: 0
2026-06-24 19:21:23.002: [INFO] RecordSyncInitDuration has_sync_been_enabled: 0 state: 0
2026-06-24 19:21:23.006: [INFO] RecordSyncInitDuration has_sync_been_enabled: 0 state: 0
2026-06-24 19:21:23.010: [INFO] RecordSyncInitDuration has_sync_been_enabled: 0 state: 0
2026-06-24 19:21:23.014: [INFO] RecordSyncInitDuration has_sync_been_enabled: 0 state: 0
2026-06-24 19:21:23.017: [INFO] RecordSyncInitDuration has_sync_been_enabled: 0 state: 0
2026-06-24 19:21:23.020: [INFO] RecordSyncInitDuration has_sync_been_enabled: 0 state: 0
2026-06-24 19:21:23.021: [INFO] RecordSyncInitDuration has_sync_been_enabled: 0 state: 0
2026-06-24 19:21:23.025: [INFO] RecordSyncInitDuration has_sync_been_enabled: 0 state: 0
2026-06-24 19:21:23.051: [INFO] BookmarkModelLoaded, ids_reassigned: 0
2026-06-24 19:21:23.051: [INFO] OnDoneLoading sync enabled: 0
2026-06-24 19:21:23.179: [INFO] RecordSyncInitDuration has_sync_been_enabled: 0 state: 0
2026-06-24 19:21:27.506: [INFO] RecordSyncInitDuration has_sync_been_enabled: 0 state: 0
2026-06-24 19:21:27.528: [INFO] RecordSyncInitDuration has_sync_been_enabled: 0 state: 3
2026-06-24 19:21:27.561: [INFO] Primary account changed.
2026-06-24 19:21:27.561: [INFO] OnPrimaryAccountChanged PrimaryAccountChangeEvent::Type::kSet
2026-06-24 19:21:27.574: [INFO] RecordSyncInitDuration has_sync_been_enabled: 0 state: 3
2026-06-24 19:21:27.648: [INFO] RecordSyncInitDuration has_sync_been_enabled: 0 state: 3
2026-06-24 19:21:30.845: [INFO] BookmarkNodeAdded, ABU: 0
2026-06-24 19:21:30.848: [INFO] BookmarkNodeAdded, ABU: 0
2026-06-24 19:21:30.850: [INFO] BookmarkNodeAdded, ABU: 0
2026-06-24 19:21:30.852: [INFO] BookmarkNodeAdded, ABU: 0
2026-06-24 19:21:30.854: [INFO] BookmarkNodeAdded, ABU: 0
2026-06-24 19:21:30.855: [INFO] BookmarkNodeAdded, ABU: 0
2026-06-24 19:21:30.856: [INFO] BookmarkNodeAdded, ABU: 0
2026-06-24 19:21:30.856: [INFO] BookmarkNodeAdded, ABU: 0
2026-06-24 19:21:30.857: [INFO] BookmarkNodeAdded, ABU: 0
2026-06-24 19:21:30.858: [INFO] BookmarkNodeAdded, ABU: 0
2026-06-24 19:21:30.860: [INFO] BookmarkNodeAdded, ABU: 0
2026-06-24 19:21:30.860: [INFO] BookmarkNodeAdded, ABU: 0
2026-06-24 19:21:30.862: [INFO] BookmarkNodeAdded, ABU: 0
2026-06-24 19:21:30.864: [INFO] BookmarkNodeAdded, ABU: 0
2026-06-24 19:21:30.866: [INFO] BookmarkNodeAdded, ABU: 0
2026-06-24 19:21:30.867: [INFO] BookmarkNodeAdded, ABU: 0
2026-06-24 19:21:30.869: [INFO] BookmarkNodeAdded, ABU: 0
2026-06-24 19:21:30.869: [INFO] BookmarkNodeAdded, ABU: 0
2026-06-24 19:21:30.870: [INFO] BookmarkNodeAdded, ABU: 0
2026-06-24 19:21:30.872: [INFO] BookmarkNodeAdded, ABU: 0
2026-06-24 19:21:30.873: [INFO] BookmarkNodeAdded, ABU: 0
2026-06-24 19:21:30.875: [INFO] BookmarkNodeAdded, ABU: 0
2026-06-24 19:21:30.876: [INFO] BookmarkNodeAdded, ABU: 0
2026-06-24 19:21:30.878: [INFO] BookmarkNodeAdded, ABU: 0
2026-06-24 19:21:30.880: [INFO] BookmarkNodeAdded, ABU: 0
2026-06-24 19:21:30.881: [INFO] BookmarkNodeAdded, ABU: 0
2026-06-24 19:21:30.886: [INFO] BookmarkNodeAdded, ABU: 0
2026-06-24 19:21:30.888: [INFO] BookmarkNodeAdded, ABU: 0
2026-06-24 19:21:30.890: [INFO] BookmarkNodeAdded, ABU: 0
2026-06-24 19:21:30.891: [INFO] BookmarkNodeAdded, ABU: 0
2026-06-24 19:21:30.893: [INFO] BookmarkNodeAdded, ABU: 0
2026-06-24 19:21:30.894: [INFO] BookmarkNodeAdded, ABU: 0
2026-06-24 19:21:30.895: [INFO] BookmarkNodeAdded, ABU: 0
2026-06-24 19:21:30.896: [INFO] BookmarkNodeAdded, ABU: 0
2026-06-24 19:21:30.898: [INFO] BookmarkNodeAdded, ABU: 0
2026-06-24 19:21:30.900: [INFO] BookmarkNodeAdded, ABU: 0
2026-06-24 19:21:30.901: [INFO] BookmarkNodeAdded, ABU: 0
2026-06-24 19:21:30.901: [INFO] BookmarkNodeAdded, ABU: 0
2026-06-24 19:21:30.902: [INFO] BookmarkNodeAdded, ABU: 0
2026-06-24 19:21:30.904: [INFO] BookmarkNodeAdded, ABU: 0
2026-06-24 19:21:30.906: [INFO] BookmarkNodeAdded, ABU: 0
2026-06-24 19:21:30.908: [INFO] BookmarkNodeAdded, ABU: 0
2026-06-24 19:21:30.910: [INFO] BookmarkNodeAdded, ABU: 0
2026-06-24 19:21:30.912: [INFO] BookmarkNodeAdded, ABU: 0
2026-06-24 19:21:30.913: [INFO] BookmarkNodeAdded, ABU: 0
2026-06-24 19:21:30.914: [INFO] BookmarkNodeAdded, ABU: 0
2026-06-24 19:21:30.916: [INFO] BookmarkNodeAdded, ABU: 0
2026-06-24 19:21:30.918: [INFO] BookmarkNodeAdded, ABU: 0
2026-06-24 19:21:30.918: [INFO] BookmarkNodeAdded, ABU: 0
2026-06-24 19:21:30.920: [INFO] BookmarkNodeAdded, ABU: 0
2026-06-24 19:21:30.922: [INFO] BookmarkNodeAdded, ABU: 0
2026-06-24 19:21:30.924: [INFO] BookmarkNodeAdded, ABU: 0
2026-06-24 19:21:30.926: [INFO] BookmarkNodeAdded, ABU: 0
2026-06-24 19:21:30.928: [INFO] BookmarkNodeAdded, ABU: 0
2026-06-24 19:21:30.930: [INFO] BookmarkNodeAdded, ABU: 0
2026-06-24 19:21:33.814: [INFO] Sync initialization duration: 5568ms
2026-06-24 19:57:37.384: [INFO] VisibilityChanged: 0
2026-06-24 19:57:37.454: [INFO] RecordSyncInitDuration has_sync_been_enabled: 0 state: 0
2026-06-24 19:57:37.459: [INFO] RecordSyncInitDuration has_sync_been_enabled: 0 state: 0
2026-06-24 19:57:37.464: [INFO] RecordSyncInitDuration has_sync_been_enabled: 0 state: 0
2026-06-24 19:57:37.470: [INFO] RecordSyncInitDuration has_sync_been_enabled: 0 state: 0
2026-06-24 19:57:37.476: [INFO] RecordSyncInitDuration has_sync_been_enabled: 0 state: 0
2026-06-24 19:57:37.481: [INFO] RecordSyncInitDuration has_sync_been_enabled: 0 state: 0
2026-06-24 19:57:37.487: [INFO] RecordSyncInitDuration has_sync_been_enabled: 0 state: 0
2026-06-24 19:57:37.492: [INFO] RecordSyncInitDuration has_sync_been_enabled: 0 state: 0
2026-06-24 19:57:37.497: [INFO] RecordSyncInitDuration has_sync_been_enabled: 0 state: 0
2026-06-24 19:57:37.502: [INFO] RecordSyncInitDuration has_sync_been_enabled: 0 state: 0
2026-06-24 19:57:37.507: [INFO] RecordSyncInitDuration has_sync_been_enabled: 0 state: 0
2026-06-24 19:57:37.536: [INFO] BookmarkModelLoaded, ids_reassigned: 0
2026-06-24 19:57:37.536: [INFO] OnDoneLoading sync enabled: 0
2026-06-24 19:57:37.543: [INFO] RecordSyncInitDuration has_sync_been_enabled: 0 state: 0
2026-06-24 19:57:40.755: [INFO] RecordSyncInitDuration has_sync_been_enabled: 0 state: 0
2026-06-24 19:57:40.784: [INFO] RecordSyncInitDuration has_sync_been_enabled: 0 state: 3
2026-06-24 19:57:40.824: [INFO] Primary account changed.
2026-06-24 19:57:40.824: [INFO] OnPrimaryAccountChanged PrimaryAccountChangeEvent::Type::kSet
2026-06-24 19:57:40.841: [INFO] RecordSyncInitDuration has_sync_been_enabled: 0 state: 3
2026-06-24 19:57:40.947: [INFO] RecordSyncInitDuration has_sync_been_enabled: 0 state: 3
2026-06-24 19:57:47.403: [INFO] Sync initialization duration: 6064ms
