{"logTime": "0621/183216", "correlationVector":"HXOw+TyYr4OYRLz3s9oGH1.1","action":"EncryptionKeysManager::SetEncryptionKeys:", "result":"Success", "context":Key names[7]:[NOT/zZEWgjvCzk8idkP8e5x+RcV0u/k0zJCbPaO6C0i2IRQl1D3psHKEOx1Dyr8o11/dpmLsH+HTxSzddMhv1Q==][eqJubZrU020U1Yf/Yz4X/9OTRMN3EY7UkhrIYMDoaPJzt+qBfLFXu+CjMjzvNkzkZJpMs9ps7HdAnDdcCnw8+Q==][ChqAC0WQ520BL+6D2zEf8KlovnaE5hjwH9twB0CLwrxUFRWM6ELf3UTUr7CzLK0TEr2ldf8G9x65y2aQTnFfaw==][AMqGcLeNTwTVCtFuJabZp7/BYRbi5O2NeRoOgUHeK/jHW/7O5mVy91bxZEHHemI+V+sRZYpuNztMFM3mQZQlmA==][wxHiByER9iWs4/lVXWO9UpaGb6E/Dp8kzBVjyQvgcIhMFafkaGYNJN6lvy1VYOk9H8nA0ymKNXZip463xyJ4tw==][RoumnNNdg2wow+u0ybX76XdSW2cWzxldRxndqRTehSfqcEaGyVcuQ3cGApMeb60YOAuKjSnV6Z7lSKROY8/oTg==][JpF7pulW1Yl24M99gPsbGhdPtr1KPs4PMerdJ11mHqpXpI5XEAX4f6NdAF9X45XajuWI9e/BQdD07ZSrfa+xAQ==]}
{"logTime": "0621/183216", "correlationVector":"HXOw+TyYr4OYRLz3s9oGH1.2","action":"EncryptionKeysManager::SetEncryptionKeysWithTimestamps:", "result":"Success", "context":Key timestamps[7]:[2021-06-10T09:16:14Z][2022-02-21T19:21:36Z][2023-09-17T07:15:04Z][2024-09-30T07:44:33Z][2025-03-29T20:13:10Z][2025-09-26T18:49:26Z][2026-03-27T11:32:49Z]}
{"logTime": "0621/183216", "correlationVector":"hTfT927lgCVIgSP6hMtSeK","action":"Initial GetUpdates", "result":"", "context":Reason: NEW_CLIENT. cV=hTfT927lgCVIgSP6hMtSeK}
{"logTime": "0621/183216", "correlationVector":"hTfT927lgCVIgSP6hMtSeK.3","action":"GetUpdates Response", "result":"Success", "context":Received 1 update(s). cV=hTfT927lgCVIgSP6hMtSeK.0;server=akswtt11500001v;cloudType=Consumer;environment=Prod_francecentral_prod-s01-062-eur-francecentral;migrationStage=NotStarted}
{"logTime": "0621/183216", "correlationVector":"/oQWs7kvN5Ec5oszt0FV+l","action":"Initial GetUpdates", "result":"", "context":Reason: NEWLY_SUPPORTED_DATATYPE. cV=/oQWs7kvN5Ec5oszt0FV+l}
{"logTime": "0621/183216", "correlationVector":"/oQWs7kvN5Ec5oszt0FV+l.1","action":"SyncServerConnectionManagerRequest", "result":"SYNC_SERVER_OK", "context":{"environment":"Prod_francecentral_prod-s01-062-eur-francecentral", "migrationStage":"NotStarted", "server":"akswtt11500001v"}}
{"logTime": "0621/183216", "correlationVector":"/oQWs7kvN5Ec5oszt0FV+l.2","action":"ProcessGetUpdates", "result":"Done", "context":{"dataType":"Passwords", "deleted":"3", "process_failed_to_decrypt":"0", "process_pending_decryption":"0", "process_success":"203", "total":"203"}}
{"logTime": "0621/183216", "correlationVector":"/oQWs7kvN5Ec5oszt0FV+l.3","action":"GetUpdates Response", "result":"Success", "context":Received 203 update(s). cV=/oQWs7kvN5Ec5oszt0FV+l.0;server=akswtt11500001v;cloudType=Consumer;environment=Prod_francecentral_prod-s01-062-eur-francecentral;migrationStage=NotStarted}
{"logTime": "0621/183216", "correlationVector":"yT+o76XdjbJHoLL2ZodWFi","action":"Initial GetUpdates", "result":"", "context":Reason: NEWLY_SUPPORTED_DATATYPE. cV=yT+o76XdjbJHoLL2ZodWFi}
{"logTime": "0621/183216", "correlationVector":"yT+o76XdjbJHoLL2ZodWFi.1","action":"SyncServerConnectionManagerRequest", "result":"SYNC_SERVER_OK", "context":{"environment":"Prod_francecentral_prod-s01-062-eur-francecentral", "migrationStage":"NotStarted", "server":"akswtt11500002d"}}
{"logTime": "0621/183216", "correlationVector":"yT+o76XdjbJHoLL2ZodWFi.2","action":"ProcessGetUpdates", "result":"Done", "context":{"dataType":"Bookmarks", "deleted":"1", "process_failed_to_decrypt":"0", "process_pending_decryption":"0", "process_success":"83", "total":"83"}}
{"logTime": "0621/183216", "correlationVector":"yT+o76XdjbJHoLL2ZodWFi.3","action":"GetUpdates Response", "result":"Success", "context":Received 83 update(s). cV=yT+o76XdjbJHoLL2ZodWFi.0;server=akswtt11500002d;cloudType=Consumer;environment=Prod_francecentral_prod-s01-062-eur-francecentral;migrationStage=NotStarted}
{"logTime": "0621/183216", "correlationVector":"0h+35pXs8wAmrr2bpwee8a","action":"Initial GetUpdates", "result":"", "context":Reason: NEWLY_SUPPORTED_DATATYPE. cV=0h+35pXs8wAmrr2bpwee8a}
{"logTime": "0621/183216", "correlationVector":"0h+35pXs8wAmrr2bpwee8a.1","action":"SyncServerConnectionManagerRequest", "result":"SYNC_SERVER_OK", "context":{"environment":"Prod_francecentral_prod-s01-062-eur-francecentral", "migrationStage":"NotStarted", "server":"akswtt11500001o"}}
{"logTime": "0621/183216", "correlationVector":"0h+35pXs8wAmrr2bpwee8a.2","action":"ProcessGetUpdates", "result":"Done", "context":{"dataType":"Autofill Profiles", "deleted":"0", "process_failed_to_decrypt":"0", "process_pending_decryption":"0", "process_success":"1", "total":"1"}}
{"logTime": "0621/183216", "correlationVector":"0h+35pXs8wAmrr2bpwee8a.3","action":"ProcessGetUpdates", "result":"Done", "context":{"dataType":"Autofill", "deleted":"0", "process_failed_to_decrypt":"0", "process_pending_decryption":"0", "process_success":"249", "total":"249"}}
{"logTime": "0621/183216", "correlationVector":"0h+35pXs8wAmrr2bpwee8a.4","action":"GetUpdates Response", "result":"Success", "context":Received 250 update(s). cV=0h+35pXs8wAmrr2bpwee8a.0;server=akswtt11500001o;cloudType=Consumer;environment=Prod_francecentral_prod-s01-062-eur-francecentral;migrationStage=NotStarted Some updates remain.}
{"logTime": "0621/183216", "correlationVector":"dSOW62lfUyR3Eu3onVn1x9","action":"Initial GetUpdates", "result":"", "context":Reason: NEWLY_SUPPORTED_DATATYPE. cV=dSOW62lfUyR3Eu3onVn1x9}
{"logTime": "0621/183216", "correlationVector":"dSOW62lfUyR3Eu3onVn1x9.1","action":"SyncServerConnectionManagerRequest", "result":"SYNC_SERVER_OK", "context":{"environment":"Prod_francecentral_prod-s01-062-eur-francecentral", "migrationStage":"NotStarted", "server":"akswtt11500001v"}}
{"logTime": "0621/183216", "correlationVector":"dSOW62lfUyR3Eu3onVn1x9.2","action":"ProcessGetUpdates", "result":"Done", "context":{"dataType":"Autofill Profiles", "deleted":"0", "process_failed_to_decrypt":"0", "process_pending_decryption":"0", "process_success":"3", "total":"3"}}
{"logTime": "0621/183216", "correlationVector":"dSOW62lfUyR3Eu3onVn1x9.3","action":"ProcessGetUpdates", "result":"Done", "context":{"dataType":"Autofill", "deleted":"0", "process_failed_to_decrypt":"0", "process_pending_decryption":"0", "process_success":"80", "total":"80"}}
{"logTime": "0621/183216", "correlationVector":"dSOW62lfUyR3Eu3onVn1x9.4","action":"GetUpdates Response", "result":"Success", "context":Received 83 update(s). cV=dSOW62lfUyR3Eu3onVn1x9.0;server=akswtt11500001v;cloudType=Consumer;environment=Prod_francecentral_prod-s01-062-eur-francecentral;migrationStage=NotStarted}
{"logTime": "0621/183216", "correlationVector":"YBqEJjQvXU6KLQi4qunbOI","action":"Initial GetUpdates", "result":"", "context":Reason: NEWLY_SUPPORTED_DATATYPE. cV=YBqEJjQvXU6KLQi4qunbOI}
{"logTime": "0621/183217", "correlationVector":"YBqEJjQvXU6KLQi4qunbOI.1","action":"SyncServerConnectionManagerRequest", "result":"SYNC_SERVER_OK", "context":{"environment":"Prod_francecentral_prod-s01-062-eur-francecentral", "migrationStage":"NotStarted", "server":"akswtt11500003b"}}
{"logTime": "0621/183217", "correlationVector":"YBqEJjQvXU6KLQi4qunbOI.2","action":"ProcessGetUpdates", "result":"Done", "context":{"dataType":"History", "deleted":"0", "process_failed_to_decrypt":"0", "process_pending_decryption":"0", "process_success":"250", "total":"250"}}
{"logTime": "0621/183217", "correlationVector":"YBqEJjQvXU6KLQi4qunbOI.3","action":"GetUpdates Response", "result":"Success", "context":Received 250 update(s). cV=YBqEJjQvXU6KLQi4qunbOI.0;server=akswtt11500003b;cloudType=Consumer;environment=Prod_francecentral_prod-s01-062-eur-francecentral;migrationStage=NotStarted Some updates remain.}
{"logTime": "0621/183217", "correlationVector":"q1kJYOSDGQFK8chdvUYkik","action":"Initial GetUpdates", "result":"", "context":Reason: NEWLY_SUPPORTED_DATATYPE. cV=q1kJYOSDGQFK8chdvUYkik}
{"logTime": "0621/183217", "correlationVector":"q1kJYOSDGQFK8chdvUYkik.1","action":"SyncServerConnectionManagerRequest", "result":"SYNC_SERVER_OK", "context":{"environment":"Prod_francecentral_prod-s01-062-eur-francecentral", "migrationStage":"NotStarted", "server":"akswtt11500002s"}}
{"logTime": "0621/183217", "correlationVector":"q1kJYOSDGQFK8chdvUYkik.2","action":"ProcessGetUpdates", "result":"Done", "context":{"dataType":"History", "deleted":"0", "process_failed_to_decrypt":"0", "process_pending_decryption":"0", "process_success":"250", "total":"250"}}
{"logTime": "0621/183217", "correlationVector":"q1kJYOSDGQFK8chdvUYkik.3","action":"GetUpdates Response", "result":"Success", "context":Received 250 update(s). cV=q1kJYOSDGQFK8chdvUYkik.0;server=akswtt11500002s;cloudType=Consumer;environment=Prod_francecentral_prod-s01-062-eur-francecentral;migrationStage=NotStarted Some updates remain.}
{"logTime": "0621/183217", "correlationVector":"0tdJNbfEZWC2P0WtE+RpwS","action":"Initial GetUpdates", "result":"", "context":Reason: NEWLY_SUPPORTED_DATATYPE. cV=0tdJNbfEZWC2P0WtE+RpwS}
{"logTime": "0621/183217", "correlationVector":"0tdJNbfEZWC2P0WtE+RpwS.1","action":"SyncServerConnectionManagerRequest", "result":"SYNC_SERVER_OK", "context":{"environment":"Prod_francecentral_prod-s01-062-eur-francecentral", "migrationStage":"NotStarted", "server":"akswtt11500003b"}}
{"logTime": "0621/183217", "correlationVector":"0tdJNbfEZWC2P0WtE+RpwS.2","action":"ProcessGetUpdates", "result":"Done", "context":{"dataType":"History", "deleted":"0", "process_failed_to_decrypt":"0", "process_pending_decryption":"0", "process_success":"250", "total":"250"}}
{"logTime": "0621/183217", "correlationVector":"0tdJNbfEZWC2P0WtE+RpwS.3","action":"GetUpdates Response", "result":"Success", "context":Received 250 update(s). cV=0tdJNbfEZWC2P0WtE+RpwS.0;server=akswtt11500003b;cloudType=Consumer;environment=Prod_francecentral_prod-s01-062-eur-francecentral;migrationStage=NotStarted Some updates remain.}
{"logTime": "0621/183217", "correlationVector":"FnxQHE6oLhvJpfgJF0EYBf","action":"Initial GetUpdates", "result":"", "context":Reason: NEWLY_SUPPORTED_DATATYPE. cV=FnxQHE6oLhvJpfgJF0EYBf}
{"logTime": "0621/183218", "correlationVector":"FnxQHE6oLhvJpfgJF0EYBf.1","action":"SyncServerConnectionManagerRequest", "result":"SYNC_SERVER_OK", "context":{"environment":"Prod_francecentral_prod-s01-062-eur-francecentral", "migrationStage":"NotStarted", "server":"akswtt11500002j"}}
{"logTime": "0621/183218", "correlationVector":"FnxQHE6oLhvJpfgJF0EYBf.2","action":"ProcessGetUpdates", "result":"Done", "context":{"dataType":"History", "deleted":"0", "process_failed_to_decrypt":"0", "process_pending_decryption":"0", "process_success":"250", "total":"250"}}
{"logTime": "0621/183218", "correlationVector":"FnxQHE6oLhvJpfgJF0EYBf.3","action":"GetUpdates Response", "result":"Success", "context":Received 250 update(s). cV=FnxQHE6oLhvJpfgJF0EYBf.0;server=akswtt11500002j;cloudType=Consumer;environment=Prod_francecentral_prod-s01-062-eur-francecentral;migrationStage=NotStarted Some updates remain.}
{"logTime": "0621/183218", "correlationVector":"ecsKfbV/PCQKFrFORWcbiO","action":"Initial GetUpdates", "result":"", "context":Reason: NEWLY_SUPPORTED_DATATYPE. cV=ecsKfbV/PCQKFrFORWcbiO}
{"logTime": "0621/183218", "correlationVector":"ecsKfbV/PCQKFrFORWcbiO.1","action":"SyncServerConnectionManagerRequest", "result":"SYNC_SERVER_OK", "context":{"environment":"Prod_francecentral_prod-s01-062-eur-francecentral", "migrationStage":"NotStarted", "server":"akswtt115000029"}}
{"logTime": "0621/183218", "correlationVector":"ecsKfbV/PCQKFrFORWcbiO.2","action":"ProcessGetUpdates", "result":"Done", "context":{"dataType":"History", "deleted":"0", "process_failed_to_decrypt":"0", "process_pending_decryption":"0", "process_success":"250", "total":"250"}}
{"logTime": "0621/183218", "correlationVector":"ecsKfbV/PCQKFrFORWcbiO.3","action":"GetUpdates Response", "result":"Success", "context":Received 250 update(s). cV=ecsKfbV/PCQKFrFORWcbiO.0;server=akswtt115000029;cloudType=Consumer;environment=Prod_francecentral_prod-s01-062-eur-francecentral;migrationStage=NotStarted Some updates remain.}
{"logTime": "0621/183218", "correlationVector":"mKjpXsd9Bt0DgQ1Urqzc80","action":"Initial GetUpdates", "result":"", "context":Reason: NEWLY_SUPPORTED_DATATYPE. cV=mKjpXsd9Bt0DgQ1Urqzc80}
{"logTime": "0621/183218", "correlationVector":"mKjpXsd9Bt0DgQ1Urqzc80.1","action":"SyncServerConnectionManagerRequest", "result":"SYNC_SERVER_OK", "context":{"environment":"Prod_francecentral_prod-s01-062-eur-francecentral", "migrationStage":"NotStarted", "server":"akswtt11500002j"}}
{"logTime": "0621/183218", "correlationVector":"mKjpXsd9Bt0DgQ1Urqzc80.2","action":"ProcessGetUpdates", "result":"Done", "context":{"dataType":"History", "deleted":"0", "process_failed_to_decrypt":"0", "process_pending_decryption":"0", "process_success":"250", "total":"250"}}
{"logTime": "0621/183218", "correlationVector":"mKjpXsd9Bt0DgQ1Urqzc80.3","action":"GetUpdates Response", "result":"Success", "context":Received 250 update(s). cV=mKjpXsd9Bt0DgQ1Urqzc80.0;server=akswtt11500002j;cloudType=Consumer;environment=Prod_francecentral_prod-s01-062-eur-francecentral;migrationStage=NotStarted Some updates remain.}
{"logTime": "0621/183218", "correlationVector":"lUPIvPJj3EzsJZUrGdyCnl","action":"Initial GetUpdates", "result":"", "context":Reason: NEWLY_SUPPORTED_DATATYPE. cV=lUPIvPJj3EzsJZUrGdyCnl}
{"logTime": "0621/183218", "correlationVector":"lUPIvPJj3EzsJZUrGdyCnl.1","action":"SyncServerConnectionManagerRequest", "result":"SYNC_SERVER_OK", "context":{"environment":"Prod_francecentral_prod-s01-062-eur-francecentral", "migrationStage":"NotStarted", "server":"akswtt11500002b"}}
{"logTime": "0621/183218", "correlationVector":"lUPIvPJj3EzsJZUrGdyCnl.2","action":"ProcessGetUpdates", "result":"Done", "context":{"dataType":"History", "deleted":"0", "process_failed_to_decrypt":"0", "process_pending_decryption":"0", "process_success":"194", "total":"194"}}
{"logTime": "0621/183218", "correlationVector":"lUPIvPJj3EzsJZUrGdyCnl.3","action":"GetUpdates Response", "result":"Success", "context":Received 194 update(s). cV=lUPIvPJj3EzsJZUrGdyCnl.0;server=akswtt11500002b;cloudType=Consumer;environment=Prod_francecentral_prod-s01-062-eur-francecentral;migrationStage=NotStarted}
{"logTime": "0621/183218", "correlationVector":"aRy6cKFuFlN1wRRX7oIqcX","action":"Normal GetUpdate request", "result":"", "context":cV=aRy6cKFuFlN1wRRX7oIqcX
Refresh requested types: Bookmarks, Passwords, Autofill Profiles, Autofill, History, Edge Wallet, Encryption Keys}
{"logTime": "0621/183219", "correlationVector":"aRy6cKFuFlN1wRRX7oIqcX.1","action":"SyncServerConnectionManagerRequest", "result":"SYNC_SERVER_OK", "context":{"environment":"Prod_francecentral_prod-s01-062-eur-francecentral", "migrationStage":"NotStarted", "server":"akswtt115000029"}}
{"logTime": "0621/183219", "correlationVector":"aRy6cKFuFlN1wRRX7oIqcX.2","action":"GetUpdates Response", "result":"Success", "context":Received 0 update(s). cV=aRy6cKFuFlN1wRRX7oIqcX.0;server=akswtt115000029;cloudType=Consumer;environment=Prod_francecentral_prod-s01-062-eur-francecentral;migrationStage=NotStarted}
{"logTime": "0621/183219", "correlationVector":"wAGygL8JlEOoBF4B3nYQrd","action":"DoCompareDataConsistency requsted types: ", "result":"Bookmarks, Passwords, History, Edge Wallet, Encryption Keys"}
{"logTime": "0621/183219", "correlationVector":"wAGygL8JlEOoBF4B3nYQrd.0","action":"CompareDataConsistency result: ", "result":"Compare result: Encryption Keys is consistent. local entities count is: 1 local entities hash is: y6QmgyQcbveDdx0ghpJZuCZ5qO4="}
{"logTime": "0621/183219", "correlationVector":"wAGygL8JlEOoBF4B3nYQrd.1","action":"CompareDataConsistency result: ", "result":"Compare result: Bookmarks is consistent. local entities count is: 76 local entities hash is: TFgMrF5u0yHoKIXEuUoCIrB937U="}
{"logTime": "0621/183219", "correlationVector":"wAGygL8JlEOoBF4B3nYQrd.2","action":"CompareDataConsistency result: ", "result":"Server did not send this History local entities count is: 0 local entities hash is: "}
{"logTime": "0621/183219", "correlationVector":"wAGygL8JlEOoBF4B3nYQrd.3","action":"CompareDataConsistency result: ", "result":"Compare result: Edge Wallet is consistent. local entities count is: 0 local entities hash is: "}
{"logTime": "0621/183219", "correlationVector":"wAGygL8JlEOoBF4B3nYQrd.4","action":"CompareDataConsistency result: ", "result":"Compare result: Passwords is consistent. local entities count is: 200 local entities hash is: niHtGJkyxsNzD4deKBZbYvn73bI="}
{"logTime": "0621/183219", "correlationVector":"","action":"DIAGNOSTIC_REQUEST|v1/diagnosticData/Diagnostic.SendCheckResult()|SUCCESS", "result":""}
{"logTime": "0621/183321", "correlationVector":"KX1vRmv39HQSiqBZUidLRo","action":"Commit Request", "result":"", "context":Item count: 1
Contributing types: History}
{"logTime": "0621/183321", "correlationVector":"KX1vRmv39HQSiqBZUidLRo.1","action":"SyncServerConnectionManagerRequest", "result":"SYNC_SERVER_OK", "context":{"environment":"Prod_francecentral_prod-s01-062-eur-francecentral", "migrationStage":"NotStarted", "server":"akswtt11500002b"}}
{"logTime": "0621/183321", "correlationVector":"KX1vRmv39HQSiqBZUidLRo.2","action":"Commit Response", "result":"Success", "context":Result: Success. cV=KX1vRmv39HQSiqBZUidLRo.0;server=akswtt11500002b;cloudType=Consumer;environment=Prod_francecentral_prod-s01-062-eur-francecentral;migrationStage=NotStarted}
{"logTime": "0621/183610", "correlationVector":"NZxrFDcSBK4ek/VmJhPmVY","action":"Commit Request", "result":"", "context":Item count: 3
Contributing types: History}
{"logTime": "0621/183610", "correlationVector":"NZxrFDcSBK4ek/VmJhPmVY.1","action":"SyncServerConnectionManagerRequest", "result":"SYNC_SERVER_OK", "context":{"environment":"Prod_francecentral_prod-s01-062-eur-francecentral", "migrationStage":"NotStarted", "server":"akswtt11500001s"}}
{"logTime": "0621/183610", "correlationVector":"NZxrFDcSBK4ek/VmJhPmVY.2","action":"Commit Response", "result":"Success", "context":Result: Success. cV=NZxrFDcSBK4ek/VmJhPmVY.0;server=akswtt11500001s;cloudType=Consumer;environment=Prod_francecentral_prod-s01-062-eur-francecentral;migrationStage=NotStarted}
{"logTime": "0621/183847", "correlationVector":"2t6KVdoqxUHHcuBOb4kDeU","action":"Commit Request", "result":"", "context":Item count: 7
Contributing types: Autofill, History}
{"logTime": "0621/183847", "correlationVector":"2t6KVdoqxUHHcuBOb4kDeU.1","action":"SyncServerConnectionManagerRequest", "result":"SYNC_SERVER_OK", "context":{"environment":"Prod_francecentral_prod-s01-062-eur-francecentral", "migrationStage":"NotStarted", "server":"akswtt11500002j"}}
{"logTime": "0621/183847", "correlationVector":"2t6KVdoqxUHHcuBOb4kDeU.2","action":"Commit Response", "result":"Success", "context":Result: Success. cV=2t6KVdoqxUHHcuBOb4kDeU.0;server=akswtt11500002j;cloudType=Consumer;environment=Prod_francecentral_prod-s01-062-eur-francecentral;migrationStage=NotStarted}
{"logTime": "0621/183948", "correlationVector":"yQJTT8Jt1nBTtqJKn1rCyU","action":"Commit Request", "result":"", "context":Item count: 2
Contributing types: History}
{"logTime": "0621/183949", "correlationVector":"yQJTT8Jt1nBTtqJKn1rCyU.1","action":"SyncServerConnectionManagerRequest", "result":"SYNC_SERVER_OK", "context":{"environment":"Prod_francecentral_prod-s01-062-eur-francecentral", "migrationStage":"NotStarted", "server":"akswtt11500002q"}}
{"logTime": "0621/183949", "correlationVector":"yQJTT8Jt1nBTtqJKn1rCyU.2","action":"Commit Response", "result":"Success", "context":Result: Success. cV=yQJTT8Jt1nBTtqJKn1rCyU.0;server=akswtt11500002q;cloudType=Consumer;environment=Prod_francecentral_prod-s01-062-eur-francecentral;migrationStage=NotStarted}
{"logTime": "0621/184125", "correlationVector":"9mtDcJ+AxEYa/8y9nQ9Y5a","action":"Commit Request", "result":"", "context":Item count: 3
Contributing types: History}
{"logTime": "0621/184125", "correlationVector":"9mtDcJ+AxEYa/8y9nQ9Y5a.1","action":"SyncServerConnectionManagerRequest", "result":"SYNC_SERVER_OK", "context":{"environment":"Prod_francecentral_prod-s01-062-eur-francecentral", "migrationStage":"NotStarted", "server":"akswtt11500003b"}}
{"logTime": "0621/184125", "correlationVector":"9mtDcJ+AxEYa/8y9nQ9Y5a.2","action":"Commit Response", "result":"Success", "context":Result: Success. cV=9mtDcJ+AxEYa/8y9nQ9Y5a.0;server=akswtt11500003b;cloudType=Consumer;environment=Prod_francecentral_prod-s01-062-eur-francecentral;migrationStage=NotStarted}
{"logTime": "0621/185205", "correlationVector":"jFfArftz1TbSszgBVxoFQM.1","action":"SyncServerConnectionManagerRequest", "result":"SYNC_SERVER_OK", "context":{"environment":"Prod_francecentral_prod-s01-062-eur-francecentral", "migrationStage":"NotStarted", "server":"akswtt11500002k"}}
{"logTime": "0621/185205", "correlationVector":"jFfArftz1TbSszgBVxoFQM.2","action":"ProcessGetUpdates", "result":"Done", "context":{"dataType":"Encryption Keys", "deleted":"0", "process_failed_to_decrypt":"0", "process_pending_decryption":"0", "process_success":"1", "total":"1"}}
{"logTime": "0621/185206", "correlationVector":"dCJN1w00OWCvdQrb81e+Mg","action":"SyncServerConnectionManagerRequest", "result":"SYNC_SERVER_OK", "context":{"environment":"", "migrationStage":"", "server":""}}
{"logTime": "0621/185206", "correlationVector":"dCJN1w00OWCvdQrb81e+Mg.0","action":"EncryptionKeysFetcher.DownloadKeys:", "result":"Success", "context":Key count: 7, Last key timestamp: 2026-03-27T11:32:49Z}
{"logTime": "0621/185206", "correlationVector":"dCJN1w00OWCvdQrb81e+Mg.1","action":"EncryptionKeysManager::SetEncryptionKeys:", "result":"Success", "context":Key names[7]:[NOT/zZEWgjvCzk8idkP8e5x+RcV0u/k0zJCbPaO6C0i2IRQl1D3psHKEOx1Dyr8o11/dpmLsH+HTxSzddMhv1Q==][eqJubZrU020U1Yf/Yz4X/9OTRMN3EY7UkhrIYMDoaPJzt+qBfLFXu+CjMjzvNkzkZJpMs9ps7HdAnDdcCnw8+Q==][ChqAC0WQ520BL+6D2zEf8KlovnaE5hjwH9twB0CLwrxUFRWM6ELf3UTUr7CzLK0TEr2ldf8G9x65y2aQTnFfaw==][AMqGcLeNTwTVCtFuJabZp7/BYRbi5O2NeRoOgUHeK/jHW/7O5mVy91bxZEHHemI+V+sRZYpuNztMFM3mQZQlmA==][wxHiByER9iWs4/lVXWO9UpaGb6E/Dp8kzBVjyQvgcIhMFafkaGYNJN6lvy1VYOk9H8nA0ymKNXZip463xyJ4tw==][RoumnNNdg2wow+u0ybX76XdSW2cWzxldRxndqRTehSfqcEaGyVcuQ3cGApMeb60YOAuKjSnV6Z7lSKROY8/oTg==][JpF7pulW1Yl24M99gPsbGhdPtr1KPs4PMerdJ11mHqpXpI5XEAX4f6NdAF9X45XajuWI9e/BQdD07ZSrfa+xAQ==]}
{"logTime": "0621/185206", "correlationVector":"dCJN1w00OWCvdQrb81e+Mg.2","action":"EncryptionKeysManager::SetEncryptionKeysWithTimestamps:", "result":"Success", "context":Key timestamps[7]:[2021-06-10T09:16:14Z][2022-02-21T19:21:36Z][2023-09-17T07:15:04Z][2024-09-30T07:44:33Z][2025-03-29T20:13:10Z][2025-09-26T18:49:26Z][2026-03-27T11:32:49Z]}
{"logTime": "0621/185206", "correlationVector":"jFfArftz1TbSszgBVxoFQM","action":"Initial GetUpdates", "result":"", "context":Reason: NEW_CLIENT. cV=jFfArftz1TbSszgBVxoFQM}
{"logTime": "0621/185206", "correlationVector":"jFfArftz1TbSszgBVxoFQM.3","action":"GetUpdates Response", "result":"Success", "context":Received 1 update(s). cV=jFfArftz1TbSszgBVxoFQM.0;server=akswtt11500002k;cloudType=Consumer;environment=Prod_francecentral_prod-s01-062-eur-francecentral;migrationStage=NotStarted}
{"logTime": "0621/185206", "correlationVector":"wLlWYXbSZ+2YXxjCb7pDWM","action":"Initial GetUpdates", "result":"", "context":Reason: NEWLY_SUPPORTED_DATATYPE. cV=wLlWYXbSZ+2YXxjCb7pDWM}
{"logTime": "0621/185206", "correlationVector":"wLlWYXbSZ+2YXxjCb7pDWM.1","action":"SyncServerConnectionManagerRequest", "result":"SYNC_SERVER_OK", "context":{"environment":"Prod_francecentral_prod-s01-062-eur-francecentral", "migrationStage":"NotStarted", "server":"akswtt11500002l"}}
{"logTime": "0621/185206", "correlationVector":"wLlWYXbSZ+2YXxjCb7pDWM.2","action":"ProcessGetUpdates", "result":"Done", "context":{"dataType":"Passwords", "deleted":"3", "process_failed_to_decrypt":"0", "process_pending_decryption":"0", "process_success":"203", "total":"203"}}
{"logTime": "0621/185206", "correlationVector":"wLlWYXbSZ+2YXxjCb7pDWM.3","action":"GetUpdates Response", "result":"Success", "context":Received 203 update(s). cV=wLlWYXbSZ+2YXxjCb7pDWM.0;server=akswtt11500002l;cloudType=Consumer;environment=Prod_francecentral_prod-s01-062-eur-francecentral;migrationStage=NotStarted}
{"logTime": "0621/185206", "correlationVector":"9dVU5oEtkL6o2/o8BV3S7k","action":"Normal GetUpdate request", "result":"", "context":cV=9dVU5oEtkL6o2/o8BV3S7k
Nudged types: History
Refresh requested types: Bookmarks, Passwords, Autofill Profiles, Autofill, History, Edge Wallet, Encryption Keys}
{"logTime": "0621/185206", "correlationVector":"9dVU5oEtkL6o2/o8BV3S7k.1","action":"SyncServerConnectionManagerRequest", "result":"SYNC_SERVER_OK", "context":{"environment":"Prod_francecentral_prod-s01-062-eur-francecentral", "migrationStage":"NotStarted", "server":"akswtt11500002c"}}
{"logTime": "0621/185206", "correlationVector":"9dVU5oEtkL6o2/o8BV3S7k.2","action":"ProcessGetUpdates", "result":"Done", "context":{"dataType":"Autofill", "deleted":"0", "process_failed_to_decrypt":"0", "process_pending_decryption":"0", "process_success":"1", "total":"1"}}
{"logTime": "0621/185206", "correlationVector":"9dVU5oEtkL6o2/o8BV3S7k.3","action":"ProcessGetUpdates", "result":"Done", "context":{"dataType":"History", "deleted":"0", "process_failed_to_decrypt":"0", "process_pending_decryption":"0", "process_success":"13", "total":"13"}}
{"logTime": "0621/185206", "correlationVector":"9dVU5oEtkL6o2/o8BV3S7k.4","action":"GetUpdates Response", "result":"Success", "context":Received 14 update(s). cV=9dVU5oEtkL6o2/o8BV3S7k.0;server=akswtt11500002c;cloudType=Consumer;environment=Prod_francecentral_prod-s01-062-eur-francecentral;migrationStage=NotStarted}
{"logTime": "0621/185209", "correlationVector":"g6aQ9n8KsPCTjw5BliqZiB","action":"Commit Request", "result":"", "context":Item count: 2
Contributing types: History}
{"logTime": "0621/185209", "correlationVector":"g6aQ9n8KsPCTjw5BliqZiB.1","action":"SyncServerConnectionManagerRequest", "result":"SYNC_SERVER_OK", "context":{"environment":"Prod_francecentral_prod-s01-062-eur-francecentral", "migrationStage":"NotStarted", "server":"akswtt11500002b"}}
{"logTime": "0621/185209", "correlationVector":"g6aQ9n8KsPCTjw5BliqZiB.2","action":"Commit Response", "result":"Success", "context":Result: Success. cV=g6aQ9n8KsPCTjw5BliqZiB.0;server=akswtt11500002b;cloudType=Consumer;environment=Prod_francecentral_prod-s01-062-eur-francecentral;migrationStage=NotStarted}
{"logTime": "0621/185309", "correlationVector":"QiK/1Y47hZqhqIK9Xwx+35","action":"Commit Request", "result":"", "context":Item count: 1
Contributing types: History}
{"logTime": "0621/185309", "correlationVector":"QiK/1Y47hZqhqIK9Xwx+35.1","action":"SyncServerConnectionManagerRequest", "result":"SYNC_SERVER_OK", "context":{"environment":"Prod_francecentral_prod-s01-062-eur-francecentral", "migrationStage":"NotStarted", "server":"akswtt11500002k"}}
{"logTime": "0621/185309", "correlationVector":"QiK/1Y47hZqhqIK9Xwx+35.2","action":"Commit Response", "result":"Success", "context":Result: Success. cV=QiK/1Y47hZqhqIK9Xwx+35.0;server=akswtt11500002k;cloudType=Consumer;environment=Prod_francecentral_prod-s01-062-eur-francecentral;migrationStage=NotStarted}
{"logTime": "0621/185428", "correlationVector":"8fSPQeCn8VK7xAO/tmgoGv","action":"Commit Request", "result":"", "context":Item count: 4
Contributing types: Autofill, History}
{"logTime": "0621/185429", "correlationVector":"8fSPQeCn8VK7xAO/tmgoGv.1","action":"SyncServerConnectionManagerRequest", "result":"SYNC_SERVER_OK", "context":{"environment":"Prod_francecentral_prod-s01-062-eur-francecentral", "migrationStage":"NotStarted", "server":"akswtt11500001r"}}
{"logTime": "0621/185429", "correlationVector":"8fSPQeCn8VK7xAO/tmgoGv.2","action":"Commit Response", "result":"Success", "context":Result: Success. cV=8fSPQeCn8VK7xAO/tmgoGv.0;server=akswtt11500001r;cloudType=Consumer;environment=Prod_francecentral_prod-s01-062-eur-francecentral;migrationStage=NotStarted}
{"logTime": "0621/185531", "correlationVector":"zKZdX8X4inRGeSoCrKKxJY","action":"Commit Request", "result":"", "context":Item count: 5
Contributing types: History}
{"logTime": "0621/185532", "correlationVector":"zKZdX8X4inRGeSoCrKKxJY.1","action":"SyncServerConnectionManagerRequest", "result":"SYNC_SERVER_OK", "context":{"environment":"Prod_francecentral_prod-s01-062-eur-francecentral", "migrationStage":"NotStarted", "server":"akswtt11500001p"}}
{"logTime": "0621/185532", "correlationVector":"zKZdX8X4inRGeSoCrKKxJY.2","action":"Commit Response", "result":"Success", "context":Result: Success. cV=zKZdX8X4inRGeSoCrKKxJY.0;server=akswtt11500001p;cloudType=Consumer;environment=Prod_francecentral_prod-s01-062-eur-francecentral;migrationStage=NotStarted}
{"logTime": "0621/190414", "correlationVector":"xYjYnYQ1jfctRqmSkrzt1T","action":"Commit Request", "result":"", "context":Item count: 3
Contributing types: History}
{"logTime": "0621/190414", "correlationVector":"xYjYnYQ1jfctRqmSkrzt1T.1","action":"SyncServerConnectionManagerRequest", "result":"SYNC_SERVER_OK", "context":{"environment":"Prod_francecentral_prod-s01-062-eur-francecentral", "migrationStage":"NotStarted", "server":"akswtt11500002g"}}
{"logTime": "0621/190414", "correlationVector":"xYjYnYQ1jfctRqmSkrzt1T.2","action":"Commit Response", "result":"Success", "context":Result: Success. cV=xYjYnYQ1jfctRqmSkrzt1T.0;server=akswtt11500002g;cloudType=Consumer;environment=Prod_francecentral_prod-s01-062-eur-francecentral;migrationStage=NotStarted}
{"logTime": "0621/195039", "correlationVector":"JShd7VbPVsyLAoP83VNfuz","action":"Commit Request", "result":"", "context":Item count: 4
Contributing types: History}
{"logTime": "0621/195040", "correlationVector":"JShd7VbPVsyLAoP83VNfuz.1","action":"SyncServerConnectionManagerRequest", "result":"SYNC_SERVER_OK", "context":{"environment":"Prod_francecentral_prod-s01-062-eur-francecentral", "migrationStage":"NotStarted", "server":"akswtt11500002j"}}
{"logTime": "0621/195040", "correlationVector":"JShd7VbPVsyLAoP83VNfuz.2","action":"Commit Response", "result":"Success", "context":Result: Success. cV=JShd7VbPVsyLAoP83VNfuz.0;server=akswtt11500002j;cloudType=Consumer;environment=Prod_francecentral_prod-s01-062-eur-francecentral;migrationStage=NotStarted}
{"logTime": "0621/200204", "correlationVector":"O/NfqhO9urzVRqHguPQuEQ","action":"Commit Request", "result":"", "context":Item count: 5
Contributing types: History}
{"logTime": "0621/200205", "correlationVector":"O/NfqhO9urzVRqHguPQuEQ.1","action":"SyncServerConnectionManagerRequest", "result":"SYNC_SERVER_OK", "context":{"environment":"Prod_francecentral_prod-s01-062-eur-francecentral", "migrationStage":"NotStarted", "server":"akswtt115000032"}}
{"logTime": "0621/200205", "correlationVector":"O/NfqhO9urzVRqHguPQuEQ.2","action":"Commit Response", "result":"Success", "context":Result: Success. cV=O/NfqhO9urzVRqHguPQuEQ.0;server=akswtt115000032;cloudType=Consumer;environment=Prod_francecentral_prod-s01-062-eur-francecentral;migrationStage=NotStarted}
{"logTime": "0621/200503", "correlationVector":"CaKzkxbO3cvGq+v7XlF9ay","action":"Commit Request", "result":"", "context":Item count: 3
Contributing types: History}
{"logTime": "0621/200503", "correlationVector":"CaKzkxbO3cvGq+v7XlF9ay.1","action":"SyncServerConnectionManagerRequest", "result":"SYNC_SERVER_OK", "context":{"environment":"Prod_francecentral_prod-s01-062-eur-francecentral", "migrationStage":"NotStarted", "server":"akswtt11500001r"}}
{"logTime": "0621/200503", "correlationVector":"CaKzkxbO3cvGq+v7XlF9ay.2","action":"Commit Response", "result":"Success", "context":Result: Success. cV=CaKzkxbO3cvGq+v7XlF9ay.0;server=akswtt11500001r;cloudType=Consumer;environment=Prod_francecentral_prod-s01-062-eur-francecentral;migrationStage=NotStarted}
{"logTime": "0621/201317", "correlationVector":"3zKYzo1wJ+4d79tuJzgHuH","action":"Commit Request", "result":"", "context":Item count: 4
Contributing types: History}
{"logTime": "0621/201317", "correlationVector":"3zKYzo1wJ+4d79tuJzgHuH.1","action":"SyncServerConnectionManagerRequest", "result":"SYNC_SERVER_OK", "context":{"environment":"Prod_francecentral_prod-s01-062-eur-francecentral", "migrationStage":"NotStarted", "server":"akswtt11500002p"}}
{"logTime": "0621/201317", "correlationVector":"3zKYzo1wJ+4d79tuJzgHuH.2","action":"Commit Response", "result":"Success", "context":Result: Success. cV=3zKYzo1wJ+4d79tuJzgHuH.0;server=akswtt11500002p;cloudType=Consumer;environment=Prod_francecentral_prod-s01-062-eur-francecentral;migrationStage=NotStarted}
{"logTime": "0621/201451", "correlationVector":"leeoB0LQq5w85p9JR3KUgP","action":"Commit Request", "result":"", "context":Item count: 2
Contributing types: History}
{"logTime": "0621/201451", "correlationVector":"leeoB0LQq5w85p9JR3KUgP.1","action":"SyncServerConnectionManagerRequest", "result":"SYNC_SERVER_OK", "context":{"environment":"Prod_francecentral_prod-s01-062-eur-francecentral", "migrationStage":"NotStarted", "server":"akswtt11500001p"}}
{"logTime": "0621/201451", "correlationVector":"leeoB0LQq5w85p9JR3KUgP.2","action":"Commit Response", "result":"Success", "context":Result: Success. cV=leeoB0LQq5w85p9JR3KUgP.0;server=akswtt11500001p;cloudType=Consumer;environment=Prod_francecentral_prod-s01-062-eur-francecentral;migrationStage=NotStarted}
{"logTime": "0621/204554", "correlationVector":"aXJWf1gisXOog7z7RO/tNn","action":"Commit Request", "result":"", "context":Item count: 4
Contributing types: History}
{"logTime": "0621/204554", "correlationVector":"aXJWf1gisXOog7z7RO/tNn.1","action":"SyncServerConnectionManagerRequest", "result":"SYNC_SERVER_OK", "context":{"environment":"Prod_francecentral_prod-s01-062-eur-francecentral", "migrationStage":"NotStarted", "server":"akswtt11500002a"}}
{"logTime": "0621/204554", "correlationVector":"aXJWf1gisXOog7z7RO/tNn.2","action":"Commit Response", "result":"Success", "context":Result: Success. cV=aXJWf1gisXOog7z7RO/tNn.0;server=akswtt11500002a;cloudType=Consumer;environment=Prod_francecentral_prod-s01-062-eur-francecentral;migrationStage=NotStarted}
{"logTime": "0621/204725", "correlationVector":"wrfPaP2QMUFaxIFxaiuxke","action":"Commit Request", "result":"", "context":Item count: 2
Contributing types: History}
{"logTime": "0621/204725", "correlationVector":"wrfPaP2QMUFaxIFxaiuxke.1","action":"SyncServerConnectionManagerRequest", "result":"SYNC_SERVER_OK", "context":{"environment":"Prod_francecentral_prod-s01-062-eur-francecentral", "migrationStage":"NotStarted", "server":"akswtt11500002m"}}
{"logTime": "0621/204725", "correlationVector":"wrfPaP2QMUFaxIFxaiuxke.2","action":"Commit Response", "result":"Success", "context":Result: Success. cV=wrfPaP2QMUFaxIFxaiuxke.0;server=akswtt11500002m;cloudType=Consumer;environment=Prod_francecentral_prod-s01-062-eur-francecentral;migrationStage=NotStarted}
{"logTime": "0621/210437", "correlationVector":"KMCPdWtMivKkV8qO+7Acin.1","action":"SyncServerConnectionManagerRequest", "result":"SYNC_SERVER_OK", "context":{"environment":"Prod_francecentral_prod-s01-062-eur-francecentral", "migrationStage":"NotStarted", "server":"akswtt115000028"}}
{"logTime": "0621/210437", "correlationVector":"KMCPdWtMivKkV8qO+7Acin.2","action":"ProcessGetUpdates", "result":"Done", "context":{"dataType":"Encryption Keys", "deleted":"0", "process_failed_to_decrypt":"0", "process_pending_decryption":"0", "process_success":"1", "total":"1"}}
{"logTime": "0621/210438", "correlationVector":"Q4imtY4JuFu0GehTndtD84","action":"SyncServerConnectionManagerRequest", "result":"SYNC_SERVER_OK", "context":{"environment":"", "migrationStage":"", "server":""}}
{"logTime": "0621/210438", "correlationVector":"Q4imtY4JuFu0GehTndtD84.0","action":"EncryptionKeysFetcher.DownloadKeys:", "result":"Success", "context":Key count: 7, Last key timestamp: 2026-03-27T11:32:49Z}
{"logTime": "0621/210438", "correlationVector":"Q4imtY4JuFu0GehTndtD84.1","action":"EncryptionKeysManager::SetEncryptionKeys:", "result":"Success", "context":Key names[7]:[NOT/zZEWgjvCzk8idkP8e5x+RcV0u/k0zJCbPaO6C0i2IRQl1D3psHKEOx1Dyr8o11/dpmLsH+HTxSzddMhv1Q==][eqJubZrU020U1Yf/Yz4X/9OTRMN3EY7UkhrIYMDoaPJzt+qBfLFXu+CjMjzvNkzkZJpMs9ps7HdAnDdcCnw8+Q==][ChqAC0WQ520BL+6D2zEf8KlovnaE5hjwH9twB0CLwrxUFRWM6ELf3UTUr7CzLK0TEr2ldf8G9x65y2aQTnFfaw==][AMqGcLeNTwTVCtFuJabZp7/BYRbi5O2NeRoOgUHeK/jHW/7O5mVy91bxZEHHemI+V+sRZYpuNztMFM3mQZQlmA==][wxHiByER9iWs4/lVXWO9UpaGb6E/Dp8kzBVjyQvgcIhMFafkaGYNJN6lvy1VYOk9H8nA0ymKNXZip463xyJ4tw==][RoumnNNdg2wow+u0ybX76XdSW2cWzxldRxndqRTehSfqcEaGyVcuQ3cGApMeb60YOAuKjSnV6Z7lSKROY8/oTg==][JpF7pulW1Yl24M99gPsbGhdPtr1KPs4PMerdJ11mHqpXpI5XEAX4f6NdAF9X45XajuWI9e/BQdD07ZSrfa+xAQ==]}
{"logTime": "0621/210438", "correlationVector":"Q4imtY4JuFu0GehTndtD84.2","action":"EncryptionKeysManager::SetEncryptionKeysWithTimestamps:", "result":"Success", "context":Key timestamps[7]:[2021-06-10T09:16:14Z][2022-02-21T19:21:36Z][2023-09-17T07:15:04Z][2024-09-30T07:44:33Z][2025-03-29T20:13:10Z][2025-09-26T18:49:26Z][2026-03-27T11:32:49Z]}
{"logTime": "0621/210438", "correlationVector":"KMCPdWtMivKkV8qO+7Acin","action":"Initial GetUpdates", "result":"", "context":Reason: NEW_CLIENT. cV=KMCPdWtMivKkV8qO+7Acin}
{"logTime": "0621/210438", "correlationVector":"KMCPdWtMivKkV8qO+7Acin.3","action":"GetUpdates Response", "result":"Success", "context":Received 1 update(s). cV=KMCPdWtMivKkV8qO+7Acin.0;server=akswtt115000028;cloudType=Consumer;environment=Prod_francecentral_prod-s01-062-eur-francecentral;migrationStage=NotStarted}
{"logTime": "0621/210438", "correlationVector":"Q45CZ7ery9ftAKTvcZZZ8B","action":"Initial GetUpdates", "result":"", "context":Reason: NEWLY_SUPPORTED_DATATYPE. cV=Q45CZ7ery9ftAKTvcZZZ8B}
{"logTime": "0621/210438", "correlationVector":"Q45CZ7ery9ftAKTvcZZZ8B.1","action":"SyncServerConnectionManagerRequest", "result":"SYNC_SERVER_OK", "context":{"environment":"Prod_francecentral_prod-s01-062-eur-francecentral", "migrationStage":"NotStarted", "server":"akswtt11500002f"}}
{"logTime": "0621/210438", "correlationVector":"Q45CZ7ery9ftAKTvcZZZ8B.2","action":"ProcessGetUpdates", "result":"Done", "context":{"dataType":"Passwords", "deleted":"3", "process_failed_to_decrypt":"0", "process_pending_decryption":"0", "process_success":"203", "total":"203"}}
{"logTime": "0621/210438", "correlationVector":"Q45CZ7ery9ftAKTvcZZZ8B.3","action":"GetUpdates Response", "result":"Success", "context":Received 203 update(s). cV=Q45CZ7ery9ftAKTvcZZZ8B.0;server=akswtt11500002f;cloudType=Consumer;environment=Prod_francecentral_prod-s01-062-eur-francecentral;migrationStage=NotStarted}
{"logTime": "0621/210438", "correlationVector":"w3RY1T88T0BUexZnbxwTnL","action":"Initial GetUpdates", "result":"", "context":Reason: NEWLY_SUPPORTED_DATATYPE. cV=w3RY1T88T0BUexZnbxwTnL}
{"logTime": "0621/210438", "correlationVector":"w3RY1T88T0BUexZnbxwTnL.1","action":"SyncServerConnectionManagerRequest", "result":"SYNC_SERVER_OK", "context":{"environment":"Prod_francecentral_prod-s01-062-eur-francecentral", "migrationStage":"NotStarted", "server":"akswtt115000028"}}
{"logTime": "0621/210438", "correlationVector":"w3RY1T88T0BUexZnbxwTnL.2","action":"ProcessGetUpdates", "result":"Done", "context":{"dataType":"Bookmarks", "deleted":"1", "process_failed_to_decrypt":"0", "process_pending_decryption":"0", "process_success":"83", "total":"83"}}
{"logTime": "0621/210438", "correlationVector":"w3RY1T88T0BUexZnbxwTnL.3","action":"GetUpdates Response", "result":"Success", "context":Received 83 update(s). cV=w3RY1T88T0BUexZnbxwTnL.0;server=akswtt115000028;cloudType=Consumer;environment=Prod_francecentral_prod-s01-062-eur-francecentral;migrationStage=NotStarted}
{"logTime": "0621/210438", "correlationVector":"qxP+xGAyeWXamFjvYXHxr4","action":"Initial GetUpdates", "result":"", "context":Reason: NEWLY_SUPPORTED_DATATYPE. cV=qxP+xGAyeWXamFjvYXHxr4}
{"logTime": "0621/210438", "correlationVector":"qxP+xGAyeWXamFjvYXHxr4.1","action":"SyncServerConnectionManagerRequest", "result":"SYNC_SERVER_OK", "context":{"environment":"Prod_francecentral_prod-s01-062-eur-francecentral", "migrationStage":"NotStarted", "server":"akswtt11500002e"}}
{"logTime": "0621/210439", "correlationVector":"qxP+xGAyeWXamFjvYXHxr4.2","action":"ProcessGetUpdates", "result":"Done", "context":{"dataType":"Autofill Profiles", "deleted":"0", "process_failed_to_decrypt":"0", "process_pending_decryption":"0", "process_success":"1", "total":"1"}}
{"logTime": "0621/210439", "correlationVector":"qxP+xGAyeWXamFjvYXHxr4.3","action":"ProcessGetUpdates", "result":"Done", "context":{"dataType":"Autofill", "deleted":"0", "process_failed_to_decrypt":"0", "process_pending_decryption":"0", "process_success":"249", "total":"249"}}
{"logTime": "0621/210439", "correlationVector":"qxP+xGAyeWXamFjvYXHxr4.4","action":"GetUpdates Response", "result":"Success", "context":Received 250 update(s). cV=qxP+xGAyeWXamFjvYXHxr4.0;server=akswtt11500002e;cloudType=Consumer;environment=Prod_francecentral_prod-s01-062-eur-francecentral;migrationStage=NotStarted Some updates remain.}
{"logTime": "0621/210439", "correlationVector":"U5LXXuqAgPdD0AuULmPS8f","action":"Initial GetUpdates", "result":"", "context":Reason: NEWLY_SUPPORTED_DATATYPE. cV=U5LXXuqAgPdD0AuULmPS8f}
{"logTime": "0621/210439", "correlationVector":"U5LXXuqAgPdD0AuULmPS8f.1","action":"SyncServerConnectionManagerRequest", "result":"SYNC_SERVER_OK", "context":{"environment":"Prod_francecentral_prod-s01-062-eur-francecentral", "migrationStage":"NotStarted", "server":"akswtt11500002x"}}
{"logTime": "0621/210439", "correlationVector":"U5LXXuqAgPdD0AuULmPS8f.2","action":"ProcessGetUpdates", "result":"Done", "context":{"dataType":"Autofill Profiles", "deleted":"0", "process_failed_to_decrypt":"0", "process_pending_decryption":"0", "process_success":"3", "total":"3"}}
{"logTime": "0621/210439", "correlationVector":"U5LXXuqAgPdD0AuULmPS8f.3","action":"ProcessGetUpdates", "result":"Done", "context":{"dataType":"Autofill", "deleted":"0", "process_failed_to_decrypt":"0", "process_pending_decryption":"0", "process_success":"81", "total":"81"}}
{"logTime": "0621/210439", "correlationVector":"U5LXXuqAgPdD0AuULmPS8f.4","action":"GetUpdates Response", "result":"Success", "context":Received 84 update(s). cV=U5LXXuqAgPdD0AuULmPS8f.0;server=akswtt11500002x;cloudType=Consumer;environment=Prod_francecentral_prod-s01-062-eur-francecentral;migrationStage=NotStarted}
{"logTime": "0621/210439", "correlationVector":"BNv+B7p2vxu6V5DD86S32X","action":"Initial GetUpdates", "result":"", "context":Reason: NEWLY_SUPPORTED_DATATYPE. cV=BNv+B7p2vxu6V5DD86S32X}
{"logTime": "0621/210439", "correlationVector":"BNv+B7p2vxu6V5DD86S32X.1","action":"SyncServerConnectionManagerRequest", "result":"SYNC_SERVER_OK", "context":{"environment":"Prod_francecentral_prod-s01-062-eur-francecentral", "migrationStage":"NotStarted", "server":"akswtt11500002h"}}
{"logTime": "0621/210439", "correlationVector":"BNv+B7p2vxu6V5DD86S32X.2","action":"ProcessGetUpdates", "result":"Done", "context":{"dataType":"History", "deleted":"0", "process_failed_to_decrypt":"0", "process_pending_decryption":"0", "process_success":"250", "total":"250"}}
{"logTime": "0621/210439", "correlationVector":"BNv+B7p2vxu6V5DD86S32X.3","action":"GetUpdates Response", "result":"Success", "context":Received 250 update(s). cV=BNv+B7p2vxu6V5DD86S32X.0;server=akswtt11500002h;cloudType=Consumer;environment=Prod_francecentral_prod-s01-062-eur-francecentral;migrationStage=NotStarted Some updates remain.}
{"logTime": "0621/210439", "correlationVector":"AE9a5KdmXD3BPaRL3RyI5x","action":"Initial GetUpdates", "result":"", "context":Reason: NEWLY_SUPPORTED_DATATYPE. cV=AE9a5KdmXD3BPaRL3RyI5x}
{"logTime": "0621/210439", "correlationVector":"AE9a5KdmXD3BPaRL3RyI5x.1","action":"SyncServerConnectionManagerRequest", "result":"SYNC_SERVER_OK", "context":{"environment":"Prod_francecentral_prod-s01-062-eur-francecentral", "migrationStage":"NotStarted", "server":"akswtt11500002c"}}
{"logTime": "0621/210439", "correlationVector":"AE9a5KdmXD3BPaRL3RyI5x.2","action":"ProcessGetUpdates", "result":"Done", "context":{"dataType":"History", "deleted":"0", "process_failed_to_decrypt":"0", "process_pending_decryption":"0", "process_success":"250", "total":"250"}}
{"logTime": "0621/210439", "correlationVector":"AE9a5KdmXD3BPaRL3RyI5x.3","action":"GetUpdates Response", "result":"Success", "context":Received 250 update(s). cV=AE9a5KdmXD3BPaRL3RyI5x.0;server=akswtt11500002c;cloudType=Consumer;environment=Prod_francecentral_prod-s01-062-eur-francecentral;migrationStage=NotStarted Some updates remain.}
{"logTime": "0621/210439", "correlationVector":"0xNcIfaHZT+BztZ3tNu2OQ","action":"Initial GetUpdates", "result":"", "context":Reason: NEWLY_SUPPORTED_DATATYPE. cV=0xNcIfaHZT+BztZ3tNu2OQ}
{"logTime": "0621/210440", "correlationVector":"0xNcIfaHZT+BztZ3tNu2OQ.1","action":"SyncServerConnectionManagerRequest", "result":"SYNC_SERVER_OK", "context":{"environment":"Prod_francecentral_prod-s01-062-eur-francecentral", "migrationStage":"NotStarted", "server":"akswtt11500002x"}}
{"logTime": "0621/210440", "correlationVector":"0xNcIfaHZT+BztZ3tNu2OQ.2","action":"ProcessGetUpdates", "result":"Done", "context":{"dataType":"History", "deleted":"0", "process_failed_to_decrypt":"0", "process_pending_decryption":"0", "process_success":"250", "total":"250"}}
{"logTime": "0621/210440", "correlationVector":"0xNcIfaHZT+BztZ3tNu2OQ.3","action":"GetUpdates Response", "result":"Success", "context":Received 250 update(s). cV=0xNcIfaHZT+BztZ3tNu2OQ.0;server=akswtt11500002x;cloudType=Consumer;environment=Prod_francecentral_prod-s01-062-eur-francecentral;migrationStage=NotStarted Some updates remain.}
{"logTime": "0621/210440", "correlationVector":"8zohM2UMNjBbYZrz9iMqoA","action":"Initial GetUpdates", "result":"", "context":Reason: NEWLY_SUPPORTED_DATATYPE. cV=8zohM2UMNjBbYZrz9iMqoA}
{"logTime": "0621/210440", "correlationVector":"8zohM2UMNjBbYZrz9iMqoA.1","action":"SyncServerConnectionManagerRequest", "result":"SYNC_SERVER_OK", "context":{"environment":"Prod_francecentral_prod-s01-062-eur-francecentral", "migrationStage":"NotStarted", "server":"akswtt11500002h"}}
{"logTime": "0621/210440", "correlationVector":"8zohM2UMNjBbYZrz9iMqoA.2","action":"ProcessGetUpdates", "result":"Done", "context":{"dataType":"History", "deleted":"0", "process_failed_to_decrypt":"0", "process_pending_decryption":"0", "process_success":"250", "total":"250"}}
{"logTime": "0621/210440", "correlationVector":"8zohM2UMNjBbYZrz9iMqoA.3","action":"GetUpdates Response", "result":"Success", "context":Received 250 update(s). cV=8zohM2UMNjBbYZrz9iMqoA.0;server=akswtt11500002h;cloudType=Consumer;environment=Prod_francecentral_prod-s01-062-eur-francecentral;migrationStage=NotStarted Some updates remain.}
{"logTime": "0621/210440", "correlationVector":"1xEDm/yDaqmj/8JIfnYcGw","action":"Initial GetUpdates", "result":"", "context":Reason: NEWLY_SUPPORTED_DATATYPE. cV=1xEDm/yDaqmj/8JIfnYcGw}
{"logTime": "0621/210441", "correlationVector":"1xEDm/yDaqmj/8JIfnYcGw.1","action":"SyncServerConnectionManagerRequest", "result":"SYNC_SERVER_OK", "context":{"environment":"Prod_francecentral_prod-s01-062-eur-francecentral", "migrationStage":"NotStarted", "server":"akswtt11500002q"}}
{"logTime": "0621/210441", "correlationVector":"1xEDm/yDaqmj/8JIfnYcGw.2","action":"ProcessGetUpdates", "result":"Done", "context":{"dataType":"History", "deleted":"0", "process_failed_to_decrypt":"0", "process_pending_decryption":"0", "process_success":"250", "total":"250"}}
{"logTime": "0621/210441", "correlationVector":"1xEDm/yDaqmj/8JIfnYcGw.3","action":"GetUpdates Response", "result":"Success", "context":Received 250 update(s). cV=1xEDm/yDaqmj/8JIfnYcGw.0;server=akswtt11500002q;cloudType=Consumer;environment=Prod_francecentral_prod-s01-062-eur-francecentral;migrationStage=NotStarted Some updates remain.}
{"logTime": "0621/210441", "correlationVector":"88JGmLX1vbquAo2aB88FOi","action":"Initial GetUpdates", "result":"", "context":Reason: NEWLY_SUPPORTED_DATATYPE. cV=88JGmLX1vbquAo2aB88FOi}
{"logTime": "0621/210441", "correlationVector":"88JGmLX1vbquAo2aB88FOi.1","action":"SyncServerConnectionManagerRequest", "result":"SYNC_SERVER_OK", "context":{"environment":"Prod_francecentral_prod-s01-062-eur-francecentral", "migrationStage":"NotStarted", "server":"akswtt11500002e"}}
{"logTime": "0621/210441", "correlationVector":"88JGmLX1vbquAo2aB88FOi.2","action":"ProcessGetUpdates", "result":"Done", "context":{"dataType":"History", "deleted":"0", "process_failed_to_decrypt":"0", "process_pending_decryption":"0", "process_success":"250", "total":"250"}}
{"logTime": "0621/210441", "correlationVector":"88JGmLX1vbquAo2aB88FOi.3","action":"GetUpdates Response", "result":"Success", "context":Received 250 update(s). cV=88JGmLX1vbquAo2aB88FOi.0;server=akswtt11500002e;cloudType=Consumer;environment=Prod_francecentral_prod-s01-062-eur-francecentral;migrationStage=NotStarted Some updates remain.}
{"logTime": "0621/210441", "correlationVector":"9omrbpCLTVaLiZOnIiVdop","action":"Initial GetUpdates", "result":"", "context":Reason: NEWLY_SUPPORTED_DATATYPE. cV=9omrbpCLTVaLiZOnIiVdop}
{"logTime": "0621/210441", "correlationVector":"9omrbpCLTVaLiZOnIiVdop.1","action":"SyncServerConnectionManagerRequest", "result":"SYNC_SERVER_OK", "context":{"environment":"Prod_francecentral_prod-s01-062-eur-francecentral", "migrationStage":"NotStarted", "server":"akswtt11500002x"}}
{"logTime": "0621/210441", "correlationVector":"9omrbpCLTVaLiZOnIiVdop.2","action":"ProcessGetUpdates", "result":"Done", "context":{"dataType":"History", "deleted":"0", "process_failed_to_decrypt":"0", "process_pending_decryption":"0", "process_success":"234", "total":"234"}}
{"logTime": "0621/210441", "correlationVector":"9omrbpCLTVaLiZOnIiVdop.3","action":"GetUpdates Response", "result":"Success", "context":Received 234 update(s). cV=9omrbpCLTVaLiZOnIiVdop.0;server=akswtt11500002x;cloudType=Consumer;environment=Prod_francecentral_prod-s01-062-eur-francecentral;migrationStage=NotStarted}
{"logTime": "0621/210441", "correlationVector":"YzIQjRpqKTpGL9+fHUSwKW","action":"Normal GetUpdate request", "result":"", "context":cV=YzIQjRpqKTpGL9+fHUSwKW
Nudged types: History
Refresh requested types: Bookmarks, Passwords, Autofill Profiles, Autofill, History, Edge Wallet, Encryption Keys}
{"logTime": "0621/210441", "correlationVector":"YzIQjRpqKTpGL9+fHUSwKW.1","action":"SyncServerConnectionManagerRequest", "result":"SYNC_SERVER_OK", "context":{"environment":"Prod_francecentral_prod-s01-062-eur-francecentral", "migrationStage":"NotStarted", "server":"akswtt11500002f"}}
{"logTime": "0621/210441", "correlationVector":"YzIQjRpqKTpGL9+fHUSwKW.2","action":"GetUpdates Response", "result":"Success", "context":Received 0 update(s). cV=YzIQjRpqKTpGL9+fHUSwKW.0;server=akswtt11500002f;cloudType=Consumer;environment=Prod_francecentral_prod-s01-062-eur-francecentral;migrationStage=NotStarted}
{"logTime": "0621/210441", "correlationVector":"tW+MzF01QA+PISjA915ouI","action":"Commit Request", "result":"", "context":Item count: 1
Contributing types: History}
{"logTime": "0621/210442", "correlationVector":"tW+MzF01QA+PISjA915ouI.1","action":"SyncServerConnectionManagerRequest", "result":"SYNC_SERVER_OK", "context":{"environment":"Prod_francecentral_prod-s01-062-eur-francecentral", "migrationStage":"NotStarted", "server":"akswtt11500002q"}}
{"logTime": "0621/210442", "correlationVector":"tW+MzF01QA+PISjA915ouI.2","action":"Commit Response", "result":"Success", "context":Result: Success. cV=tW+MzF01QA+PISjA915ouI.0;server=akswtt11500002q;cloudType=Consumer;environment=Prod_francecentral_prod-s01-062-eur-francecentral;migrationStage=NotStarted}
{"logTime": "0621/210542", "correlationVector":"4STnjQbOzcAMUwhMD+HD3R","action":"Commit Request", "result":"", "context":Item count: 1
Contributing types: History}
{"logTime": "0621/210542", "correlationVector":"4STnjQbOzcAMUwhMD+HD3R.1","action":"SyncServerConnectionManagerRequest", "result":"SYNC_SERVER_OK", "context":{"environment":"Prod_francecentral_prod-s01-062-eur-francecentral", "migrationStage":"NotStarted", "server":"akswtt11500003d"}}
{"logTime": "0621/210542", "correlationVector":"4STnjQbOzcAMUwhMD+HD3R.2","action":"Commit Response", "result":"Success", "context":Result: Success. cV=4STnjQbOzcAMUwhMD+HD3R.0;server=akswtt11500003d;cloudType=Consumer;environment=Prod_francecentral_prod-s01-062-eur-francecentral;migrationStage=NotStarted}
{"logTime": "0621/210824", "correlationVector":"Fb5tqHtIgjMIyYNW3fo/n9","action":"Commit Request", "result":"", "context":Item count: 3
Contributing types: History}
{"logTime": "0621/210824", "correlationVector":"Fb5tqHtIgjMIyYNW3fo/n9.1","action":"SyncServerConnectionManagerRequest", "result":"SYNC_SERVER_OK", "context":{"environment":"Prod_francecentral_prod-s01-062-eur-francecentral", "migrationStage":"NotStarted", "server":"akswtt11500001y"}}
{"logTime": "0621/210824", "correlationVector":"Fb5tqHtIgjMIyYNW3fo/n9.2","action":"Commit Response", "result":"Success", "context":Result: Success. cV=Fb5tqHtIgjMIyYNW3fo/n9.0;server=akswtt11500001y;cloudType=Consumer;environment=Prod_francecentral_prod-s01-062-eur-francecentral;migrationStage=NotStarted}
{"logTime": "0624/195742", "correlationVector":"Tg39NRXbngRuGcbAC5ADBA.1","action":"SyncServerConnectionManagerRequest", "result":"SYNC_SERVER_OK", "context":{"environment":"Prod_francecentral_prod-s01-062-eur-francecentral", "migrationStage":"NotStarted", "server":"akswtt11500002s"}}
{"logTime": "0624/195742", "correlationVector":"Tg39NRXbngRuGcbAC5ADBA.2","action":"ProcessGetUpdates", "result":"Done", "context":{"dataType":"Encryption Keys", "deleted":"0", "process_failed_to_decrypt":"0", "process_pending_decryption":"0", "process_success":"1", "total":"1"}}
{"logTime": "0624/195743", "correlationVector":"4YnIIQhJFYsqmdUr7MMD1b","action":"SyncServerConnectionManagerRequest", "result":"SYNC_SERVER_OK", "context":{"environment":"", "migrationStage":"", "server":""}}
{"logTime": "0624/195743", "correlationVector":"4YnIIQhJFYsqmdUr7MMD1b.0","action":"EncryptionKeysFetcher.DownloadKeys:", "result":"Success", "context":Key count: 7, Last key timestamp: 2026-03-27T23:36:08Z}
{"logTime": "0624/195743", "correlationVector":"4YnIIQhJFYsqmdUr7MMD1b.1","action":"EncryptionKeysManager::SetEncryptionKeys:", "result":"Success", "context":Key names[7]:[yII6ZyOSDYurykSrIUWBjHwoyM3zspbirFbMR0o2+yBCsrBNizxwUcEoOpK3a8MnGir/rl47ZxmX3bsjjpDQZA==][f8KuIrLYc61hQiWeF2j/pNJsq2uI/zlziaEw3uLszr2Yc+lB2BVyXdYb4M9Zk46/KRVBig3XJ1ly09mihjocMA==][tiJXfk1UBOYqy/q0S2TA7zP75KTk9MenfSvfZdkhLlkYsSaP7V4O+Sl9kPRnMhGobhl+EKQw5O+BWTZ2rer6iA==][V6rDFeg/mR0743yA6kLrOQhzguvcxVmGmqMgJR/HqZdJ57APIVpqn3QuUBW92ADWM8684qE3PDwXvNeOtUCUZA==][PVFineBzSziBX0n32Qf2OSssEuvpTyqWSJjObyrmpcCyj3KrTLoVW6cQqkSLTO2Kloh+cyI/ILnCICHgqq/o2A==][FCS+4k9S9vxPCmIU0ntG/LuSJ2UAv6QZmQuAPG+7Mu6QDnGK2nkAJbxIb3mKFDO4aMBccT+K45vDsMnUXjh8Nw==][SPwswxEKunZBibY6ppAZFxH3226nzSObYtPwMYnwkv0p+4ul7D5qJvoZ0Q3uJ3GeAFPOKxdlkMkI2aj/wOz8MA==]}
{"logTime": "0624/195743", "correlationVector":"4YnIIQhJFYsqmdUr7MMD1b.2","action":"EncryptionKeysManager::SetEncryptionKeysWithTimestamps:", "result":"Success", "context":Key timestamps[7]:[2023-12-18T15:51:34Z][2024-07-04T06:26:18Z][2024-12-31T06:52:11Z][2025-03-16T18:16:32Z][2025-07-20T00:10:57Z][2025-08-21T23:03:25Z][2026-03-27T23:36:08Z]}
{"logTime": "0624/195743", "correlationVector":"Tg39NRXbngRuGcbAC5ADBA","action":"Initial GetUpdates", "result":"", "context":Reason: NEW_CLIENT. cV=Tg39NRXbngRuGcbAC5ADBA}
{"logTime": "0624/195743", "correlationVector":"Tg39NRXbngRuGcbAC5ADBA.3","action":"GetUpdates Response", "result":"Success", "context":Received 1 update(s). cV=Tg39NRXbngRuGcbAC5ADBA.0;server=akswtt11500002s;cloudType=Consumer;environment=Prod_francecentral_prod-s01-062-eur-francecentral;migrationStage=NotStarted}
{"logTime": "0624/195743", "correlationVector":"xVIXdmy5nz0eN4aKWvrgPa","action":"Initial GetUpdates", "result":"", "context":Reason: NEWLY_SUPPORTED_DATATYPE. cV=xVIXdmy5nz0eN4aKWvrgPa}
{"logTime": "0624/195743", "correlationVector":"xVIXdmy5nz0eN4aKWvrgPa.1","action":"SyncServerConnectionManagerRequest", "result":"SYNC_SERVER_OK", "context":{"environment":"Prod_francecentral_prod-s01-062-eur-francecentral", "migrationStage":"NotStarted", "server":"akswtt11500002l"}}
{"logTime": "0624/195743", "correlationVector":"xVIXdmy5nz0eN4aKWvrgPa.2","action":"ProcessGetUpdates", "result":"Done", "context":{"dataType":"Passwords", "deleted":"0", "process_failed_to_decrypt":"0", "process_pending_decryption":"0", "process_success":"12", "total":"12"}}
{"logTime": "0624/195743", "correlationVector":"xVIXdmy5nz0eN4aKWvrgPa.3","action":"GetUpdates Response", "result":"Success", "context":Received 12 update(s). cV=xVIXdmy5nz0eN4aKWvrgPa.0;server=akswtt11500002l;cloudType=Consumer;environment=Prod_francecentral_prod-s01-062-eur-francecentral;migrationStage=NotStarted}
{"logTime": "0624/195743", "correlationVector":"4tSRtzYk3APnZ0tNQwSueg","action":"Initial GetUpdates", "result":"", "context":Reason: NEWLY_SUPPORTED_DATATYPE. cV=4tSRtzYk3APnZ0tNQwSueg}
{"logTime": "0624/195744", "correlationVector":"4tSRtzYk3APnZ0tNQwSueg.1","action":"SyncServerConnectionManagerRequest", "result":"SYNC_SERVER_OK", "context":{"environment":"Prod_francecentral_prod-s01-062-eur-francecentral", "migrationStage":"NotStarted", "server":"akswtt11500002h"}}
{"logTime": "0624/195744", "correlationVector":"4tSRtzYk3APnZ0tNQwSueg.2","action":"ProcessGetUpdates", "result":"Done", "context":{"dataType":"Bookmarks", "deleted":"35", "process_failed_to_decrypt":"0", "process_pending_decryption":"0", "process_success":"172", "total":"172"}}
{"logTime": "0624/195744", "correlationVector":"4tSRtzYk3APnZ0tNQwSueg.3","action":"GetUpdates Response", "result":"Success", "context":Received 172 update(s). cV=4tSRtzYk3APnZ0tNQwSueg.0;server=akswtt11500002h;cloudType=Consumer;environment=Prod_francecentral_prod-s01-062-eur-francecentral;migrationStage=NotStarted}
{"logTime": "0624/195744", "correlationVector":"eErZIrGJRNFh9xE576FycQ","action":"Initial GetUpdates", "result":"", "context":Reason: NEWLY_SUPPORTED_DATATYPE. cV=eErZIrGJRNFh9xE576FycQ}
{"logTime": "0624/195745", "correlationVector":"eErZIrGJRNFh9xE576FycQ.1","action":"SyncServerConnectionManagerRequest", "result":"SYNC_SERVER_OK", "context":{"environment":"Prod_francecentral_prod-s01-062-eur-francecentral", "migrationStage":"NotStarted", "server":"akswtt11500002f"}}
{"logTime": "0624/195745", "correlationVector":"eErZIrGJRNFh9xE576FycQ.2","action":"ProcessGetUpdates", "result":"Done", "context":{"dataType":"Autofill", "deleted":"0", "process_failed_to_decrypt":"0", "process_pending_decryption":"0", "process_success":"250", "total":"250"}}
{"logTime": "0624/195745", "correlationVector":"eErZIrGJRNFh9xE576FycQ.3","action":"GetUpdates Response", "result":"Success", "context":Received 250 update(s). cV=eErZIrGJRNFh9xE576FycQ.0;server=akswtt11500002f;cloudType=Consumer;environment=Prod_francecentral_prod-s01-062-eur-francecentral;migrationStage=NotStarted Some updates remain.}
{"logTime": "0624/195745", "correlationVector":"jzFLyTdYf9tviLH5n/zRQp","action":"Initial GetUpdates", "result":"", "context":Reason: NEWLY_SUPPORTED_DATATYPE. cV=jzFLyTdYf9tviLH5n/zRQp}
{"logTime": "0624/195746", "correlationVector":"jzFLyTdYf9tviLH5n/zRQp.1","action":"SyncServerConnectionManagerRequest", "result":"SYNC_SERVER_OK", "context":{"environment":"Prod_francecentral_prod-s01-062-eur-francecentral", "migrationStage":"NotStarted", "server":"akswtt11500002h"}}
{"logTime": "0624/195746", "correlationVector":"jzFLyTdYf9tviLH5n/zRQp.2","action":"ProcessGetUpdates", "result":"Done", "context":{"dataType":"Autofill Profiles", "deleted":"0", "process_failed_to_decrypt":"0", "process_pending_decryption":"0", "process_success":"6", "total":"6"}}
{"logTime": "0624/195746", "correlationVector":"jzFLyTdYf9tviLH5n/zRQp.3","action":"ProcessGetUpdates", "result":"Done", "context":{"dataType":"Autofill", "deleted":"0", "process_failed_to_decrypt":"0", "process_pending_decryption":"0", "process_success":"244", "total":"244"}}
{"logTime": "0624/195746", "correlationVector":"jzFLyTdYf9tviLH5n/zRQp.4","action":"GetUpdates Response", "result":"Success", "context":Received 250 update(s). cV=jzFLyTdYf9tviLH5n/zRQp.0;server=akswtt11500002h;cloudType=Consumer;environment=Prod_francecentral_prod-s01-062-eur-francecentral;migrationStage=NotStarted Some updates remain.}
{"logTime": "0624/195746", "correlationVector":"4blff5Eill8SF3bFWRt8Cx","action":"Initial GetUpdates", "result":"", "context":Reason: NEWLY_SUPPORTED_DATATYPE. cV=4blff5Eill8SF3bFWRt8Cx}
{"logTime": "0624/195747", "correlationVector":"4blff5Eill8SF3bFWRt8Cx.1","action":"SyncServerConnectionManagerRequest", "result":"SYNC_SERVER_OK", "context":{"environment":"Prod_francecentral_prod-s01-062-eur-francecentral", "migrationStage":"NotStarted", "server":"akswtt11500002l"}}
{"logTime": "0624/195747", "correlationVector":"4blff5Eill8SF3bFWRt8Cx.2","action":"ProcessGetUpdates", "result":"Done", "context":{"dataType":"Autofill Profiles", "deleted":"0", "process_failed_to_decrypt":"0", "process_pending_decryption":"0", "process_success":"4", "total":"4"}}
{"logTime": "0624/195747", "correlationVector":"4blff5Eill8SF3bFWRt8Cx.3","action":"ProcessGetUpdates", "result":"Done", "context":{"dataType":"Autofill", "deleted":"0", "process_failed_to_decrypt":"0", "process_pending_decryption":"0", "process_success":"192", "total":"192"}}
{"logTime": "0624/195747", "correlationVector":"4blff5Eill8SF3bFWRt8Cx.4","action":"GetUpdates Response", "result":"Success", "context":Received 196 update(s). cV=4blff5Eill8SF3bFWRt8Cx.0;server=akswtt11500002l;cloudType=Consumer;environment=Prod_francecentral_prod-s01-062-eur-francecentral;migrationStage=NotStarted}
{"logTime": "0624/195747", "correlationVector":"yxCc1ABj7FpiiDT8DgbPmF","action":"Initial GetUpdates", "result":"", "context":Reason: NEWLY_SUPPORTED_DATATYPE. cV=yxCc1ABj7FpiiDT8DgbPmF}
{"logTime": "0624/195748", "correlationVector":"yxCc1ABj7FpiiDT8DgbPmF.1","action":"SyncServerConnectionManagerRequest", "result":"SYNC_SERVER_OK", "context":{"environment":"Prod_francecentral_prod-s01-062-eur-francecentral", "migrationStage":"NotStarted", "server":"akswtt11500002f"}}
{"logTime": "0624/195748", "correlationVector":"yxCc1ABj7FpiiDT8DgbPmF.2","action":"ProcessGetUpdates", "result":"Done", "context":{"dataType":"History", "deleted":"0", "process_failed_to_decrypt":"0", "process_pending_decryption":"0", "process_success":"250", "total":"250"}}
{"logTime": "0624/195748", "correlationVector":"yxCc1ABj7FpiiDT8DgbPmF.3","action":"GetUpdates Response", "result":"Success", "context":Received 250 update(s). cV=yxCc1ABj7FpiiDT8DgbPmF.0;server=akswtt11500002f;cloudType=Consumer;environment=Prod_francecentral_prod-s01-062-eur-francecentral;migrationStage=NotStarted Some updates remain.}
{"logTime": "0624/195748", "correlationVector":"9qvmGNgSrl5E7HaGjjM4vf","action":"Initial GetUpdates", "result":"", "context":Reason: NEWLY_SUPPORTED_DATATYPE. cV=9qvmGNgSrl5E7HaGjjM4vf}
{"logTime": "0624/195749", "correlationVector":"9qvmGNgSrl5E7HaGjjM4vf.1","action":"SyncServerConnectionManagerRequest", "result":"SYNC_SERVER_OK", "context":{"environment":"Prod_francecentral_prod-s01-062-eur-francecentral", "migrationStage":"NotStarted", "server":"akswtt11500002l"}}
{"logTime": "0624/195749", "correlationVector":"9qvmGNgSrl5E7HaGjjM4vf.2","action":"ProcessGetUpdates", "result":"Done", "context":{"dataType":"History", "deleted":"0", "process_failed_to_decrypt":"0", "process_pending_decryption":"0", "process_success":"250", "total":"250"}}
{"logTime": "0624/195749", "correlationVector":"9qvmGNgSrl5E7HaGjjM4vf.3","action":"GetUpdates Response", "result":"Success", "context":Received 250 update(s). cV=9qvmGNgSrl5E7HaGjjM4vf.0;server=akswtt11500002l;cloudType=Consumer;environment=Prod_francecentral_prod-s01-062-eur-francecentral;migrationStage=NotStarted Some updates remain.}
{"logTime": "0624/195749", "correlationVector":"r59r641zUPfWksherABBMT","action":"Initial GetUpdates", "result":"", "context":Reason: NEWLY_SUPPORTED_DATATYPE. cV=r59r641zUPfWksherABBMT}
{"logTime": "0624/195750", "correlationVector":"r59r641zUPfWksherABBMT.1","action":"SyncServerConnectionManagerRequest", "result":"SYNC_SERVER_OK", "context":{"environment":"Prod_francecentral_prod-s01-062-eur-francecentral", "migrationStage":"NotStarted", "server":"akswtt11500002f"}}
{"logTime": "0624/195750", "correlationVector":"r59r641zUPfWksherABBMT.2","action":"ProcessGetUpdates", "result":"Done", "context":{"dataType":"History", "deleted":"0", "process_failed_to_decrypt":"0", "process_pending_decryption":"0", "process_success":"250", "total":"250"}}
{"logTime": "0624/195750", "correlationVector":"r59r641zUPfWksherABBMT.3","action":"GetUpdates Response", "result":"Success", "context":Received 250 update(s). cV=r59r641zUPfWksherABBMT.0;server=akswtt11500002f;cloudType=Consumer;environment=Prod_francecentral_prod-s01-062-eur-francecentral;migrationStage=NotStarted Some updates remain.}
{"logTime": "0624/195750", "correlationVector":"sTCAenA8beNBTjHN7gMV84","action":"Initial GetUpdates", "result":"", "context":Reason: NEWLY_SUPPORTED_DATATYPE. cV=sTCAenA8beNBTjHN7gMV84}
{"logTime": "0624/195751", "correlationVector":"sTCAenA8beNBTjHN7gMV84.1","action":"SyncServerConnectionManagerRequest", "result":"SYNC_SERVER_OK", "context":{"environment":"Prod_francecentral_prod-s01-062-eur-francecentral", "migrationStage":"NotStarted", "server":"akswtt11500003b"}}
{"logTime": "0624/195751", "correlationVector":"sTCAenA8beNBTjHN7gMV84.2","action":"ProcessGetUpdates", "result":"Done", "context":{"dataType":"History", "deleted":"0", "process_failed_to_decrypt":"0", "process_pending_decryption":"0", "process_success":"250", "total":"250"}}
{"logTime": "0624/195751", "correlationVector":"sTCAenA8beNBTjHN7gMV84.3","action":"GetUpdates Response", "result":"Success", "context":Received 250 update(s). cV=sTCAenA8beNBTjHN7gMV84.0;server=akswtt11500003b;cloudType=Consumer;environment=Prod_francecentral_prod-s01-062-eur-francecentral;migrationStage=NotStarted Some updates remain.}
{"logTime": "0624/195751", "correlationVector":"9ANMKJ7xg81BWOBuK6lvb8","action":"Initial GetUpdates", "result":"", "context":Reason: NEWLY_SUPPORTED_DATATYPE. cV=9ANMKJ7xg81BWOBuK6lvb8}
{"logTime": "0624/195753", "correlationVector":"9ANMKJ7xg81BWOBuK6lvb8.1","action":"SyncServerConnectionManagerRequest", "result":"SYNC_SERVER_OK", "context":{"environment":"Prod_francecentral_prod-s01-062-eur-francecentral", "migrationStage":"NotStarted", "server":"akswtt11500001o"}}
{"logTime": "0624/195753", "correlationVector":"9ANMKJ7xg81BWOBuK6lvb8.2","action":"ProcessGetUpdates", "result":"Done", "context":{"dataType":"History", "deleted":"0", "process_failed_to_decrypt":"0", "process_pending_decryption":"0", "process_success":"250", "total":"250"}}
{"logTime": "0624/195753", "correlationVector":"9ANMKJ7xg81BWOBuK6lvb8.3","action":"GetUpdates Response", "result":"Success", "context":Received 250 update(s). cV=9ANMKJ7xg81BWOBuK6lvb8.0;server=akswtt11500001o;cloudType=Consumer;environment=Prod_francecentral_prod-s01-062-eur-francecentral;migrationStage=NotStarted Some updates remain.}
{"logTime": "0624/195753", "correlationVector":"cgtLRVYYMkxaQR/YTyyJWH","action":"Initial GetUpdates", "result":"", "context":Reason: NEWLY_SUPPORTED_DATATYPE. cV=cgtLRVYYMkxaQR/YTyyJWH}
{"logTime": "0624/195754", "correlationVector":"cgtLRVYYMkxaQR/YTyyJWH.1","action":"SyncServerConnectionManagerRequest", "result":"SYNC_SERVER_OK", "context":{"environment":"Prod_francecentral_prod-s01-062-eur-francecentral", "migrationStage":"NotStarted", "server":"akswtt11500002g"}}
{"logTime": "0624/195754", "correlationVector":"cgtLRVYYMkxaQR/YTyyJWH.2","action":"ProcessGetUpdates", "result":"Done", "context":{"dataType":"History", "deleted":"0", "process_failed_to_decrypt":"0", "process_pending_decryption":"0", "process_success":"250", "total":"250"}}
{"logTime": "0624/195754", "correlationVector":"cgtLRVYYMkxaQR/YTyyJWH.3","action":"GetUpdates Response", "result":"Success", "context":Received 250 update(s). cV=cgtLRVYYMkxaQR/YTyyJWH.0;server=akswtt11500002g;cloudType=Consumer;environment=Prod_francecentral_prod-s01-062-eur-francecentral;migrationStage=NotStarted Some updates remain.}
{"logTime": "0624/195754", "correlationVector":"M3k1DKs1TmcM832o6O0rKf","action":"Initial GetUpdates", "result":"", "context":Reason: NEWLY_SUPPORTED_DATATYPE. cV=M3k1DKs1TmcM832o6O0rKf}
{"logTime": "0624/195755", "correlationVector":"M3k1DKs1TmcM832o6O0rKf.1","action":"SyncServerConnectionManagerRequest", "result":"SYNC_SERVER_OK", "context":{"environment":"Prod_francecentral_prod-s01-062-eur-francecentral", "migrationStage":"NotStarted", "server":"akswtt11500002m"}}
{"logTime": "0624/195755", "correlationVector":"M3k1DKs1TmcM832o6O0rKf.2","action":"ProcessGetUpdates", "result":"Done", "context":{"dataType":"History", "deleted":"0", "process_failed_to_decrypt":"0", "process_pending_decryption":"0", "process_success":"250", "total":"250"}}
{"logTime": "0624/195755", "correlationVector":"M3k1DKs1TmcM832o6O0rKf.3","action":"GetUpdates Response", "result":"Success", "context":Received 250 update(s). cV=M3k1DKs1TmcM832o6O0rKf.0;server=akswtt11500002m;cloudType=Consumer;environment=Prod_francecentral_prod-s01-062-eur-francecentral;migrationStage=NotStarted Some updates remain.}
{"logTime": "0624/195755", "correlationVector":"eZSwx7aqNe1j6jk5iAWu3m","action":"Initial GetUpdates", "result":"", "context":Reason: NEWLY_SUPPORTED_DATATYPE. cV=eZSwx7aqNe1j6jk5iAWu3m}
{"logTime": "0624/195755", "correlationVector":"eZSwx7aqNe1j6jk5iAWu3m.1","action":"SyncServerConnectionManagerRequest", "result":"SYNC_SERVER_OK", "context":{"environment":"Prod_francecentral_prod-s01-062-eur-francecentral", "migrationStage":"NotStarted", "server":"akswtt11500002g"}}
{"logTime": "0624/195755", "correlationVector":"eZSwx7aqNe1j6jk5iAWu3m.2","action":"ProcessGetUpdates", "result":"Done", "context":{"dataType":"History", "deleted":"0", "process_failed_to_decrypt":"0", "process_pending_decryption":"0", "process_success":"250", "total":"250"}}
{"logTime": "0624/195755", "correlationVector":"eZSwx7aqNe1j6jk5iAWu3m.3","action":"GetUpdates Response", "result":"Success", "context":Received 250 update(s). cV=eZSwx7aqNe1j6jk5iAWu3m.0;server=akswtt11500002g;cloudType=Consumer;environment=Prod_francecentral_prod-s01-062-eur-francecentral;migrationStage=NotStarted Some updates remain.}
{"logTime": "0624/195755", "correlationVector":"yG6XFMlIIexaDn5oTkYANZ","action":"Initial GetUpdates", "result":"", "context":Reason: NEWLY_SUPPORTED_DATATYPE. cV=yG6XFMlIIexaDn5oTkYANZ}
{"logTime": "0624/195756", "correlationVector":"yG6XFMlIIexaDn5oTkYANZ.1","action":"SyncServerConnectionManagerRequest", "result":"SYNC_SERVER_OK", "context":{"environment":"Prod_francecentral_prod-s01-062-eur-francecentral", "migrationStage":"NotStarted", "server":"akswtt11500001o"}}
{"logTime": "0624/195756", "correlationVector":"yG6XFMlIIexaDn5oTkYANZ.2","action":"ProcessGetUpdates", "result":"Done", "context":{"dataType":"History", "deleted":"0", "process_failed_to_decrypt":"0", "process_pending_decryption":"0", "process_success":"250", "total":"250"}}
{"logTime": "0624/195756", "correlationVector":"yG6XFMlIIexaDn5oTkYANZ.3","action":"GetUpdates Response", "result":"Success", "context":Received 250 update(s). cV=yG6XFMlIIexaDn5oTkYANZ.0;server=akswtt11500001o;cloudType=Consumer;environment=Prod_francecentral_prod-s01-062-eur-francecentral;migrationStage=NotStarted Some updates remain.}
{"logTime": "0624/195756", "correlationVector":"By4BJJjpxplN2jPU6Maf0o","action":"Initial GetUpdates", "result":"", "context":Reason: NEWLY_SUPPORTED_DATATYPE. cV=By4BJJjpxplN2jPU6Maf0o}
{"logTime": "0624/195757", "correlationVector":"By4BJJjpxplN2jPU6Maf0o.1","action":"SyncServerConnectionManagerRequest", "result":"SYNC_SERVER_OK", "context":{"environment":"Prod_francecentral_prod-s01-062-eur-francecentral", "migrationStage":"NotStarted", "server":"akswtt11500001s"}}
{"logTime": "0624/195757", "correlationVector":"By4BJJjpxplN2jPU6Maf0o.2","action":"ProcessGetUpdates", "result":"Done", "context":{"dataType":"History", "deleted":"0", "process_failed_to_decrypt":"0", "process_pending_decryption":"0", "process_success":"250", "total":"250"}}
{"logTime": "0624/195757", "correlationVector":"By4BJJjpxplN2jPU6Maf0o.3","action":"GetUpdates Response", "result":"Success", "context":Received 250 update(s). cV=By4BJJjpxplN2jPU6Maf0o.0;server=akswtt11500001s;cloudType=Consumer;environment=Prod_francecentral_prod-s01-062-eur-francecentral;migrationStage=NotStarted Some updates remain.}
{"logTime": "0624/195757", "correlationVector":"8G7N9UdCGWDaX8MOHN15fK","action":"Initial GetUpdates", "result":"", "context":Reason: NEWLY_SUPPORTED_DATATYPE. cV=8G7N9UdCGWDaX8MOHN15fK}
{"logTime": "0624/195758", "correlationVector":"8G7N9UdCGWDaX8MOHN15fK.1","action":"SyncServerConnectionManagerRequest", "result":"SYNC_SERVER_OK", "context":{"environment":"Prod_francecentral_prod-s01-062-eur-francecentral", "migrationStage":"NotStarted", "server":"akswtt11500002g"}}
{"logTime": "0624/195758", "correlationVector":"8G7N9UdCGWDaX8MOHN15fK.2","action":"ProcessGetUpdates", "result":"Done", "context":{"dataType":"History", "deleted":"0", "process_failed_to_decrypt":"0", "process_pending_decryption":"0", "process_success":"250", "total":"250"}}
{"logTime": "0624/195758", "correlationVector":"8G7N9UdCGWDaX8MOHN15fK.3","action":"GetUpdates Response", "result":"Success", "context":Received 250 update(s). cV=8G7N9UdCGWDaX8MOHN15fK.0;server=akswtt11500002g;cloudType=Consumer;environment=Prod_francecentral_prod-s01-062-eur-francecentral;migrationStage=NotStarted Some updates remain.}
{"logTime": "0624/195758", "correlationVector":"SRhkBDVRKQn9FrhUiNG+jn","action":"Initial GetUpdates", "result":"", "context":Reason: NEWLY_SUPPORTED_DATATYPE. cV=SRhkBDVRKQn9FrhUiNG+jn}
{"logTime": "0624/195759", "correlationVector":"SRhkBDVRKQn9FrhUiNG+jn.1","action":"SyncServerConnectionManagerRequest", "result":"SYNC_SERVER_OK", "context":{"environment":"Prod_francecentral_prod-s01-062-eur-francecentral", "migrationStage":"NotStarted", "server":"akswtt11500002j"}}
{"logTime": "0624/195759", "correlationVector":"SRhkBDVRKQn9FrhUiNG+jn.2","action":"ProcessGetUpdates", "result":"Done", "context":{"dataType":"History", "deleted":"0", "process_failed_to_decrypt":"0", "process_pending_decryption":"0", "process_success":"250", "total":"250"}}
{"logTime": "0624/195759", "correlationVector":"SRhkBDVRKQn9FrhUiNG+jn.3","action":"GetUpdates Response", "result":"Success", "context":Received 250 update(s). cV=SRhkBDVRKQn9FrhUiNG+jn.0;server=akswtt11500002j;cloudType=Consumer;environment=Prod_francecentral_prod-s01-062-eur-francecentral;migrationStage=NotStarted Some updates remain.}
{"logTime": "0624/195759", "correlationVector":"oNewY0NGNJlMVg8Ffh095f","action":"Initial GetUpdates", "result":"", "context":Reason: NEWLY_SUPPORTED_DATATYPE. cV=oNewY0NGNJlMVg8Ffh095f}
{"logTime": "0624/195800", "correlationVector":"oNewY0NGNJlMVg8Ffh095f.1","action":"SyncServerConnectionManagerRequest", "result":"SYNC_SERVER_OK", "context":{"environment":"Prod_francecentral_prod-s01-062-eur-francecentral", "migrationStage":"NotStarted", "server":"akswtt11500002h"}}
{"logTime": "0624/195800", "correlationVector":"oNewY0NGNJlMVg8Ffh095f.2","action":"ProcessGetUpdates", "result":"Done", "context":{"dataType":"History", "deleted":"0", "process_failed_to_decrypt":"0", "process_pending_decryption":"0", "process_success":"250", "total":"250"}}
{"logTime": "0624/195800", "correlationVector":"oNewY0NGNJlMVg8Ffh095f.3","action":"GetUpdates Response", "result":"Success", "context":Received 250 update(s). cV=oNewY0NGNJlMVg8Ffh095f.0;server=akswtt11500002h;cloudType=Consumer;environment=Prod_francecentral_prod-s01-062-eur-francecentral;migrationStage=NotStarted Some updates remain.}
{"logTime": "0624/195800", "correlationVector":"jeap1n9YIY9YAIG5xrPkc9","action":"Initial GetUpdates", "result":"", "context":Reason: NEWLY_SUPPORTED_DATATYPE. cV=jeap1n9YIY9YAIG5xrPkc9}
{"logTime": "0624/195801", "correlationVector":"jeap1n9YIY9YAIG5xrPkc9.1","action":"SyncServerConnectionManagerRequest", "result":"SYNC_SERVER_OK", "context":{"environment":"Prod_francecentral_prod-s01-062-eur-francecentral", "migrationStage":"NotStarted", "server":"akswtt11500002f"}}
{"logTime": "0624/195801", "correlationVector":"jeap1n9YIY9YAIG5xrPkc9.2","action":"ProcessGetUpdates", "result":"Done", "context":{"dataType":"History", "deleted":"0", "process_failed_to_decrypt":"0", "process_pending_decryption":"0", "process_success":"250", "total":"250"}}
{"logTime": "0624/195801", "correlationVector":"jeap1n9YIY9YAIG5xrPkc9.3","action":"GetUpdates Response", "result":"Success", "context":Received 250 update(s). cV=jeap1n9YIY9YAIG5xrPkc9.0;server=akswtt11500002f;cloudType=Consumer;environment=Prod_francecentral_prod-s01-062-eur-francecentral;migrationStage=NotStarted Some updates remain.}
{"logTime": "0624/195801", "correlationVector":"8lUDs+pX6xe9vhzBYJ0Kau","action":"Initial GetUpdates", "result":"", "context":Reason: NEWLY_SUPPORTED_DATATYPE. cV=8lUDs+pX6xe9vhzBYJ0Kau}
{"logTime": "0624/195801", "correlationVector":"8lUDs+pX6xe9vhzBYJ0Kau.1","action":"SyncServerConnectionManagerRequest", "result":"SYNC_SERVER_OK", "context":{"environment":"Prod_francecentral_prod-s01-062-eur-francecentral", "migrationStage":"NotStarted", "server":"akswtt11500002g"}}
{"logTime": "0624/195801", "correlationVector":"8lUDs+pX6xe9vhzBYJ0Kau.2","action":"ProcessGetUpdates", "result":"Done", "context":{"dataType":"History", "deleted":"0", "process_failed_to_decrypt":"0", "process_pending_decryption":"0", "process_success":"46", "total":"46"}}
{"logTime": "0624/195801", "correlationVector":"8lUDs+pX6xe9vhzBYJ0Kau.3","action":"GetUpdates Response", "result":"Success", "context":Received 46 update(s). cV=8lUDs+pX6xe9vhzBYJ0Kau.0;server=akswtt11500002g;cloudType=Consumer;environment=Prod_francecentral_prod-s01-062-eur-francecentral;migrationStage=NotStarted}
{"logTime": "0624/195802", "correlationVector":"4UJ4oIQgsrgIwXkWhjcx4o","action":"Normal GetUpdate request", "result":"", "context":cV=4UJ4oIQgsrgIwXkWhjcx4o
Nudged types: History
Refresh requested types: Bookmarks, Passwords, Autofill Profiles, Autofill, History, Edge Wallet, Encryption Keys}
{"logTime": "0624/195802", "correlationVector":"4UJ4oIQgsrgIwXkWhjcx4o.1","action":"SyncServerConnectionManagerRequest", "result":"SYNC_SERVER_OK", "context":{"environment":"Prod_francecentral_prod-s01-062-eur-francecentral", "migrationStage":"NotStarted", "server":"akswtt11500002l"}}
{"logTime": "0624/195802", "correlationVector":"4UJ4oIQgsrgIwXkWhjcx4o.2","action":"GetUpdates Response", "result":"Success", "context":Received 0 update(s). cV=4UJ4oIQgsrgIwXkWhjcx4o.0;server=akswtt11500002l;cloudType=Consumer;environment=Prod_francecentral_prod-s01-062-eur-francecentral;migrationStage=NotStarted}
{"logTime": "0624/195802", "correlationVector":"9cAvubzM2roECSD+BvsiTT","action":"Commit Request", "result":"", "context":Item count: 2
Contributing types: History}
{"logTime": "0624/195803", "correlationVector":"9cAvubzM2roECSD+BvsiTT.1","action":"SyncServerConnectionManagerRequest", "result":"SYNC_SERVER_OK", "context":{"environment":"Prod_francecentral_prod-s01-062-eur-francecentral", "migrationStage":"NotStarted", "server":"akswtt11500001o"}}
{"logTime": "0624/195803", "correlationVector":"9cAvubzM2roECSD+BvsiTT.2","action":"Commit Response", "result":"Success", "context":Result: Success. cV=9cAvubzM2roECSD+BvsiTT.0;server=akswtt11500001o;cloudType=Consumer;environment=Prod_francecentral_prod-s01-062-eur-francecentral;migrationStage=NotStarted}
{"logTime": "0624/195903", "correlationVector":"Orx7lpsEr3xfydNPJPt2e1","action":"Commit Request", "result":"", "context":Item count: 3
Contributing types: History}
{"logTime": "0624/195904", "correlationVector":"Orx7lpsEr3xfydNPJPt2e1.1","action":"SyncServerConnectionManagerRequest", "result":"SYNC_SERVER_OK", "context":{"environment":"Prod_francecentral_prod-s01-062-eur-francecentral", "migrationStage":"NotStarted", "server":"akswtt11500002j"}}
{"logTime": "0624/195904", "correlationVector":"Orx7lpsEr3xfydNPJPt2e1.2","action":"Commit Response", "result":"Success", "context":Result: Success. cV=Orx7lpsEr3xfydNPJPt2e1.0;server=akswtt11500002j;cloudType=Consumer;environment=Prod_francecentral_prod-s01-062-eur-francecentral;migrationStage=NotStarted}
{"logTime": "0624/200354", "correlationVector":"eI9WYFUFeZ66c/2fe//VSf","action":"Commit Request", "result":"", "context":Item count: 2
Contributing types: History}
{"logTime": "0624/200355", "correlationVector":"eI9WYFUFeZ66c/2fe//VSf.1","action":"SyncServerConnectionManagerRequest", "result":"SYNC_SERVER_OK", "context":{"environment":"Prod_francecentral_prod-s01-062-eur-francecentral", "migrationStage":"NotStarted", "server":"akswtt11500001v"}}
{"logTime": "0624/200355", "correlationVector":"eI9WYFUFeZ66c/2fe//VSf.2","action":"Commit Response", "result":"Success", "context":Result: Success. cV=eI9WYFUFeZ66c/2fe//VSf.0;server=akswtt11500001v;cloudType=Consumer;environment=Prod_francecentral_prod-s01-062-eur-francecentral;migrationStage=NotStarted}
